TN:
SF:/home/artem/Desktop/n2n/src/supernode.c
FN:24,gettimeofday_orig
FNDA:0,gettimeofday_orig
FN:38,afl_sigterm_handler
FNDA:0,afl_sigterm_handler
FN:72,help
FNDA:2,help
FN:202,setOption
FNDA:2,setOption
FN:396,loadFromCLI
FNDA:1,loadFromCLI
FN:424,trim
FNDA:0,trim
FN:448,loadFromFile
FNDA:0,loadFromFile
FN:495,add_federation_to_communities
FNDA:1,add_federation_to_communities
FN:514,dump_registrations
FNDA:0,dump_registrations
FN:554,term_handler
FNDA:0,term_handler
FN:577,main
FNDA:1,main
DA:24,0
DA:25,0
BRDA:25,0,0,-
BRDA:25,0,1,-
DA:26,0
DA:38,0
DA:40,0
BRDA:40,0,0,-
BRDA:40,0,1,-
DA:41,0
BRDA:41,0,0,-
BRDA:41,0,1,-
DA:42,0
DA:43,0
DA:44,0
DA:46,0
BRDA:46,0,0,-
BRDA:46,0,1,-
DA:47,0
DA:48,0
DA:55,0
DA:72,2
DA:74,2
BRDA:74,0,0,2
BRDA:74,0,1,0
DA:75,2
DA:77,0
DA:78,0
DA:80,0
BRDA:80,0,0,-
BRDA:80,0,1,-
DA:82,0
DA:95,0
BRDA:95,0,0,-
BRDA:95,0,1,-
DA:97,0
DA:147,0
DA:151,0
DA:152,0
DA:153,0
DA:154,0
DA:156,0
DA:161,0
DA:163,0
DA:165,0
DA:166,0
DA:167,0
DA:168,0
DA:169,0
DA:172,0
DA:173,0
DA:174,0
DA:176,0
DA:178,0
DA:180,0
DA:182,0
DA:184,0
DA:185,0
DA:187,0
DA:196,0
DA:202,2
DA:206,2
BRDA:206,0,0,1
BRDA:206,0,1,0
BRDA:206,0,2,0
BRDA:206,0,3,0
BRDA:206,0,4,0
BRDA:206,0,5,0
BRDA:206,0,6,0
BRDA:206,0,7,0
BRDA:206,0,8,0
BRDA:206,0,9,0
BRDA:206,0,10,0
BRDA:206,0,11,1
BRDA:206,0,12,0
BRDA:206,0,13,0
BRDA:206,0,14,0
BRDA:206,0,15,0
DA:207,1
DA:208,1
DA:210,1
BRDA:210,0,0,0
BRDA:210,0,1,1
DA:211,0
DA:214,1
DA:216,0
DA:217,0
DA:219,0
BRDA:219,0,0,-
BRDA:219,0,1,-
DA:220,0
DA:223,0
DA:225,0
DA:229,0
DA:231,0
DA:233,0
DA:234,0
BRDA:234,0,0,-
BRDA:234,0,1,-
DA:235,0
DA:236,0
DA:239,0
BRDA:239,0,0,-
BRDA:239,0,1,-
DA:240,0
DA:241,0
DA:244,0
DA:245,0
DA:247,0
BRDA:247,0,0,-
BRDA:247,0,1,-
DA:248,0
DA:249,0
DA:250,0
DA:253,0
BRDA:253,0,0,-
BRDA:253,0,1,-
DA:254,0
DA:255,0
DA:257,0
BRDA:257,0,0,-
BRDA:257,0,1,-
DA:258,0
DA:259,0
BRDA:259,0,0,-
BRDA:259,0,1,-
DA:260,0
DA:261,0
DA:262,0
DA:263,0
DA:264,0
DA:269,0
DA:270,0
DA:273,0
DA:274,0
DA:275,0
DA:280,0
BRDA:280,0,0,-
BRDA:280,0,1,-
DA:281,0
DA:282,0
DA:285,0
DA:286,0
DA:287,0
DA:288,0
BRDA:288,0,0,-
BRDA:288,0,1,-
BRDA:288,0,2,-
BRDA:288,0,3,-
BRDA:288,0,4,-
BRDA:288,0,5,-
DA:289,0
BRDA:289,0,0,-
BRDA:289,0,1,-
BRDA:289,0,2,-
BRDA:289,0,3,-
BRDA:289,0,4,-
BRDA:289,0,5,-
DA:290,0
BRDA:290,0,0,-
BRDA:290,0,1,-
DA:291,0
BRDA:291,0,0,-
BRDA:291,0,1,-
BRDA:291,0,2,-
BRDA:291,0,3,-
DA:292,0
DA:295,0
DA:298,0
BRDA:298,0,0,-
BRDA:298,0,1,-
BRDA:298,0,2,-
BRDA:298,0,3,-
DA:299,0
DA:302,0
DA:305,0
DA:307,0
DA:308,0
DA:309,0
DA:310,0
DA:312,0
DA:315,0
DA:316,0
DA:317,0
DA:319,0
DA:320,0
DA:321,0
DA:323,0
DA:324,0
DA:325,0
DA:326,0
DA:334,0
DA:335,0
DA:336,0
DA:338,0
DA:339,0
DA:340,0
DA:341,0
DA:342,0
DA:343,0
DA:344,0
BRDA:344,0,0,-
BRDA:344,0,1,-
DA:345,0
DA:346,0
DA:348,0
DA:349,0
DA:351,0
DA:354,1
DA:355,1
DA:356,1
DA:358,0
DA:359,0
DA:361,0
DA:362,0
DA:364,0
DA:365,0
DA:366,0
DA:368,0
DA:369,0
DA:370,0
DA:373,2
DA:396,1
DA:400,3
DA:412,3
BRDA:412,0,0,3
BRDA:412,0,1,0
DA:413,3
BRDA:413,0,0,1
BRDA:413,0,1,2
DA:414,1
DA:416,2
DA:419,1
DA:424,0
DA:428,0
BRDA:428,0,0,-
BRDA:428,0,1,-
BRDA:428,0,2,-
BRDA:428,0,3,-
BRDA:428,0,4,-
BRDA:428,0,5,-
DA:429,0
DA:432,0
BRDA:432,0,0,-
BRDA:432,0,1,-
DA:433,0
DA:436,0
DA:437,0
BRDA:437,0,0,-
BRDA:437,0,1,-
BRDA:437,0,2,-
BRDA:437,0,3,-
BRDA:437,0,4,-
BRDA:437,0,5,-
BRDA:437,0,6,-
BRDA:437,0,7,-
DA:438,0
DA:440,0
DA:442,0
DA:448,0
DA:456,0
DA:458,0
BRDA:458,0,0,-
BRDA:458,0,1,-
DA:459,0
DA:460,0
DA:464,0
DA:466,0
BRDA:466,0,0,-
BRDA:466,0,1,-
DA:467,0
DA:469,0
BRDA:469,0,0,-
BRDA:469,0,1,-
BRDA:469,0,2,-
BRDA:469,0,3,-
DA:470,0
DA:474,0
DA:476,0
DA:478,0
DA:481,0
DA:483,0
BRDA:483,0,0,-
BRDA:483,0,1,-
DA:486,0
DA:487,0
DA:489,0
DA:495,1
DA:497,1
DA:499,1
BRDA:499,0,0,1
BRDA:499,0,1,0
DA:500,1
BRDA:500,0,0,0
BRDA:500,0,1,1
BRDA:500,0,2,1
BRDA:500,0,3,0
BRDA:500,0,4,0
BRDA:500,0,5,0
BRDA:500,0,6,0
BRDA:500,0,7,0
BRDA:500,0,8,0
BRDA:500,0,9,0
BRDA:500,0,10,0
BRDA:500,0,11,0
BRDA:500,0,12,0
BRDA:500,0,13,0
BRDA:500,0,14,1
BRDA:500,0,15,0
BRDA:500,0,16,0
BRDA:500,0,17,1
BRDA:500,0,18,0
BRDA:500,0,19,1
BRDA:500,0,20,0
BRDA:500,0,21,1
BRDA:500,0,22,0
BRDA:500,0,23,1
BRDA:500,0,24,0
BRDA:500,0,25,0
BRDA:500,0,26,0
BRDA:500,0,27,0
BRDA:500,0,28,0
BRDA:500,0,29,0
BRDA:500,0,30,0
BRDA:500,0,31,0
BRDA:500,0,32,0
BRDA:500,0,33,0
BRDA:500,0,34,0
BRDA:500,0,35,0
BRDA:500,0,36,0
BRDA:500,0,37,0
BRDA:500,0,38,0
BRDA:500,0,39,0
BRDA:500,0,40,0
BRDA:500,0,41,0
BRDA:500,0,42,0
BRDA:500,0,43,0
DA:502,1
BRDA:502,0,0,1
BRDA:502,0,1,0
DA:504,1
DA:505,1
DA:508,1
DA:514,0
DA:519,0
DA:520,0
DA:522,0
DA:524,0
BRDA:524,0,0,-
BRDA:524,0,1,-
BRDA:524,0,2,-
BRDA:524,0,3,-
BRDA:524,0,4,-
BRDA:524,0,5,-
DA:525,0
DA:527,0
BRDA:527,0,0,-
BRDA:527,0,1,-
BRDA:527,0,2,-
BRDA:527,0,3,-
BRDA:527,0,4,-
BRDA:527,0,5,-
DA:528,0
BRDA:528,0,0,-
BRDA:528,0,1,-
DA:529,0
DA:530,0
DA:531,0
DA:532,0
DA:533,0
DA:535,0
DA:536,0
DA:537,0
DA:542,0
DA:543,0
DA:554,0
DA:559,0
BRDA:559,0,0,-
BRDA:559,0,1,-
DA:560,0
DA:561,0
DA:563,0
DA:564,0
DA:567,0
DA:571,0
DA:577,1
DA:583,1
DA:584,1
DA:588,1
DA:589,1
DA:590,1
DA:594,1
DA:599,1
DA:600,1
DA:602,1
BRDA:602,0,0,1
BRDA:602,0,1,0
BRDA:602,0,2,0
BRDA:602,0,3,1
DA:603,0
DA:604,0
BRDA:604,0,0,-
BRDA:604,0,1,-
DA:605,0
DA:607,1
BRDA:607,0,0,1
BRDA:607,0,1,0
DA:608,1
DA:615,0
DA:618,1
BRDA:618,0,0,0
BRDA:618,0,1,1
DA:619,0
DA:622,1
BRDA:622,0,0,0
BRDA:622,0,1,1
DA:623,0
DA:626,1
BRDA:626,0,0,0
BRDA:626,0,1,1
DA:627,0
DA:629,0
BRDA:629,0,0,-
BRDA:629,0,1,-
DA:630,0
DA:631,0
DA:637,1
BRDA:637,0,0,1
BRDA:637,0,1,0
DA:638,1
DA:641,1
BRDA:641,0,0,0
BRDA:641,0,1,1
DA:642,0
DA:645,1
DA:647,1
DA:649,1
DA:650,1
BRDA:650,0,0,0
BRDA:650,0,1,1
DA:651,0
DA:652,0
DA:654,1
DA:658,1
DA:659,1
BRDA:659,0,0,0
BRDA:659,0,1,1
DA:660,0
DA:661,0
DA:663,1
DA:666,1
BRDA:666,0,0,0
BRDA:666,0,1,1
DA:667,0
DA:668,0
DA:670,1
DA:674,1
DA:675,1
BRDA:675,0,0,0
BRDA:675,0,1,1
DA:676,0
DA:677,0
DA:679,1
DA:682,1
BRDA:682,0,0,0
BRDA:682,0,1,1
BRDA:682,0,2,0
BRDA:682,0,3,1
DA:683,0
BRDA:683,0,0,-
BRDA:683,0,1,-
DA:686,1
BRDA:686,0,0,1
BRDA:686,0,1,0
BRDA:686,0,2,1
BRDA:686,0,3,0
DA:687,1
BRDA:687,0,0,1
BRDA:687,0,1,0
DA:688,1
BRDA:688,0,0,1
BRDA:688,0,1,0
DA:690,1
BRDA:690,0,0,0
BRDA:690,0,1,1
BRDA:690,0,2,0
BRDA:690,0,3,0
DA:691,1
DA:692,1
DA:695,1
BRDA:695,0,0,0
BRDA:695,0,1,1
DA:696,0
BRDA:696,0,0,-
BRDA:696,0,1,-
DA:697,1
DA:698,1
DA:702,0
BRDA:702,0,0,-
BRDA:702,0,1,-
BRDA:702,0,2,-
BRDA:702,0,3,-
DA:703,0
DA:707,0
DA:709,0
DA:712,0
DA:713,0
DA:714,0
DA:715,0
DA:721,0
DA:722,0
DA:723,0
end_of_record
TN:
SF:/home/artem/Desktop/n2n/src/n2n_regex.c
FN:90,re_match
FNDA:0,re_match
FN:102,re_matchp
FNDA:0,re_matchp
FN:128,re_compile
FNDA:0,re_compile
FN:245,re_print
FNDA:0,re_print
FN:278,matchdigit
FNDA:0,matchdigit
FN:283,matchalpha
FNDA:0,matchalpha
FN:288,matchwhitespace
FNDA:0,matchwhitespace
FN:293,matchalphanum
FNDA:0,matchalphanum
FN:298,matchrange
FNDA:0,matchrange
FN:305,matchdot
FNDA:0,matchdot
FN:310,ismetachar
FNDA:0,ismetachar
FN:315,matchmetachar
FNDA:0,matchmetachar
FN:328,matchcharclass
FNDA:0,matchcharclass
FN:353,matchone
FNDA:0,matchone
FN:369,matchstar
FNDA:0,matchstar
FN:391,matchplus
FNDA:0,matchplus
FN:410,matchquestion
FNDA:0,matchquestion
FN:458,matchpattern
FNDA:0,matchpattern
DA:90,0
DA:93,0
DA:95,0
DA:96,0
DA:97,0
DA:99,0
DA:102,0
DA:104,0
DA:106,0
BRDA:106,0,0,-
BRDA:106,0,1,-
DA:107,0
BRDA:107,0,0,-
BRDA:107,0,1,-
DA:108,0
BRDA:108,0,0,-
BRDA:108,0,1,-
DA:110,0
DA:113,0
DA:115,0
BRDA:115,0,0,-
BRDA:115,0,1,-
DA:116,0
BRDA:116,0,0,-
BRDA:116,0,1,-
DA:117,0
DA:119,0
DA:121,0
BRDA:121,0,0,-
BRDA:121,0,1,-
DA:125,0
DA:128,0
DA:137,0
DA:140,0
DA:141,0
DA:143,0
BRDA:143,0,0,-
BRDA:143,0,1,-
BRDA:143,0,2,-
BRDA:143,0,3,-
DA:144,0
DA:146,0
BRDA:146,0,0,-
BRDA:146,0,1,-
BRDA:146,0,2,-
BRDA:146,0,3,-
BRDA:146,0,4,-
BRDA:146,0,5,-
BRDA:146,0,6,-
DA:150,0
DA:151,0
DA:152,0
DA:153,0
DA:157,0
DA:158,0
BRDA:158,0,0,-
BRDA:158,0,1,-
DA:160,0
DA:162,0
BRDA:162,0,0,-
BRDA:162,0,1,-
BRDA:162,0,2,-
BRDA:162,0,3,-
BRDA:162,0,4,-
BRDA:162,0,5,-
BRDA:162,0,6,-
DA:164,0
DA:165,0
DA:166,0
DA:167,0
DA:168,0
DA:169,0
DA:172,0
DA:173,0
DA:174,0
DA:175,0
DA:186,0
DA:189,0
DA:191,0
DA:194,0
BRDA:194,0,0,-
BRDA:194,0,1,-
DA:195,0
DA:196,0
DA:198,0
DA:202,0
DA:203,0
BRDA:203,0,0,-
BRDA:203,0,1,-
BRDA:203,0,2,-
BRDA:203,0,3,-
DA:205,0
BRDA:205,0,0,-
BRDA:205,0,1,-
DA:206,0
BRDA:206,0,0,-
BRDA:206,0,1,-
DA:208,0
DA:210,0
DA:211,0
BRDA:211,0,0,-
BRDA:211,0,1,-
DA:213,0
DA:215,0
DA:217,0
BRDA:217,0,0,-
BRDA:217,0,1,-
DA:220,0
DA:223,0
DA:224,0
DA:225,0
DA:228,0
DA:229,0
DA:230,0
DA:231,0
DA:233,0
DA:234,0
DA:237,0
DA:239,0
DA:240,0
DA:242,0
DA:245,0
DA:247,0
DA:252,0
BRDA:252,0,0,-
BRDA:252,0,1,-
DA:253,0
BRDA:253,0,0,-
BRDA:253,0,1,-
DA:254,0
DA:257,0
DA:258,0
BRDA:258,0,0,-
BRDA:258,0,1,-
BRDA:258,0,2,-
BRDA:258,0,3,-
DA:259,0
DA:260,0
BRDA:260,0,0,-
BRDA:260,0,1,-
DA:261,0
DA:262,0
BRDA:262,0,0,-
BRDA:262,0,1,-
BRDA:262,0,2,-
BRDA:262,0,3,-
DA:265,0
DA:267,0
DA:268,0
BRDA:268,0,0,-
BRDA:268,0,1,-
DA:269,0
DA:271,0
DA:273,0
DA:278,0
DA:280,0
BRDA:280,0,0,-
BRDA:280,0,1,-
BRDA:280,0,2,-
BRDA:280,0,3,-
DA:283,0
DA:285,0
BRDA:285,0,0,-
BRDA:285,0,1,-
BRDA:285,0,2,-
BRDA:285,0,3,-
BRDA:285,0,4,-
BRDA:285,0,5,-
BRDA:285,0,6,-
BRDA:285,0,7,-
DA:288,0
DA:290,0
BRDA:290,0,0,-
BRDA:290,0,1,-
BRDA:290,0,2,-
BRDA:290,0,3,-
BRDA:290,0,4,-
BRDA:290,0,5,-
BRDA:290,0,6,-
BRDA:290,0,7,-
BRDA:290,0,8,-
BRDA:290,0,9,-
BRDA:290,0,10,-
BRDA:290,0,11,-
DA:293,0
DA:295,0
BRDA:295,0,0,-
BRDA:295,0,1,-
BRDA:295,0,2,-
BRDA:295,0,3,-
BRDA:295,0,4,-
BRDA:295,0,5,-
DA:298,0
DA:300,0
BRDA:300,0,0,-
BRDA:300,0,1,-
BRDA:300,0,2,-
BRDA:300,0,3,-
DA:301,0
BRDA:301,0,0,-
BRDA:301,0,1,-
BRDA:301,0,2,-
BRDA:301,0,3,-
DA:302,0
BRDA:302,0,0,-
BRDA:302,0,1,-
BRDA:302,0,2,-
BRDA:302,0,3,-
BRDA:302,0,4,-
BRDA:302,0,5,-
BRDA:302,0,6,-
BRDA:302,0,7,-
DA:305,0
DA:307,0
BRDA:307,0,0,-
BRDA:307,0,1,-
BRDA:307,0,2,-
BRDA:307,0,3,-
DA:310,0
DA:312,0
BRDA:312,0,0,-
BRDA:312,0,1,-
BRDA:312,0,2,-
BRDA:312,0,3,-
BRDA:312,0,4,-
BRDA:312,0,5,-
BRDA:312,0,6,-
BRDA:312,0,7,-
BRDA:312,0,8,-
BRDA:312,0,9,-
BRDA:312,0,10,-
BRDA:312,0,11,-
DA:315,0
DA:317,0
BRDA:317,0,0,-
BRDA:317,0,1,-
BRDA:317,0,2,-
BRDA:317,0,3,-
BRDA:317,0,4,-
BRDA:317,0,5,-
BRDA:317,0,6,-
DA:318,0
DA:319,0
DA:320,0
DA:321,0
DA:322,0
DA:323,0
DA:324,0
DA:328,0
DA:331,0
BRDA:331,0,0,-
BRDA:331,0,1,-
DA:332,0
DA:333,0
BRDA:333,0,0,-
BRDA:333,0,1,-
DA:335,0
DA:336,0
BRDA:336,0,0,-
BRDA:336,0,1,-
DA:337,0
DA:338,0
BRDA:338,0,0,-
BRDA:338,0,1,-
BRDA:338,0,2,-
BRDA:338,0,3,-
DA:339,0
DA:341,0
BRDA:341,0,0,-
BRDA:341,0,1,-
DA:342,0
BRDA:342,0,0,-
BRDA:342,0,1,-
DA:343,0
BRDA:343,0,0,-
BRDA:343,0,1,-
BRDA:343,0,2,-
BRDA:343,0,3,-
DA:345,0
DA:348,0
BRDA:348,0,0,-
BRDA:348,0,1,-
DA:350,0
DA:353,0
DA:355,0
BRDA:355,0,0,-
BRDA:355,0,1,-
BRDA:355,0,2,-
BRDA:355,0,3,-
BRDA:355,0,4,-
BRDA:355,0,5,-
BRDA:355,0,6,-
BRDA:355,0,7,-
BRDA:355,0,8,-
BRDA:355,0,9,-
DA:356,0
DA:357,0
DA:358,0
DA:359,0
DA:360,0
DA:361,0
DA:362,0
DA:363,0
DA:364,0
DA:365,0
DA:369,0
DA:371,0
DA:372,0
DA:374,0
BRDA:374,0,0,-
BRDA:374,0,1,-
BRDA:374,0,2,-
BRDA:374,0,3,-
DA:375,0
DA:376,0
DA:379,0
BRDA:379,0,0,-
BRDA:379,0,1,-
DA:380,0
BRDA:380,0,0,-
BRDA:380,0,1,-
DA:381,0
DA:383,0
DA:386,0
DA:388,0
DA:391,0
DA:393,0
DA:395,0
BRDA:395,0,0,-
BRDA:395,0,1,-
BRDA:395,0,2,-
BRDA:395,0,3,-
DA:396,0
DA:397,0
DA:400,0
BRDA:400,0,0,-
BRDA:400,0,1,-
DA:401,0
BRDA:401,0,0,-
BRDA:401,0,1,-
DA:402,0
DA:404,0
DA:407,0
DA:410,0
DA:412,0
BRDA:412,0,0,-
BRDA:412,0,1,-
DA:413,0
DA:416,0
BRDA:416,0,0,-
BRDA:416,0,1,-
DA:417,0
DA:420,0
BRDA:420,0,0,-
BRDA:420,0,1,-
BRDA:420,0,2,-
BRDA:420,0,3,-
DA:421,0
BRDA:421,0,0,-
BRDA:421,0,1,-
DA:422,0
DA:423,0
DA:427,0
DA:458,0
DA:460,0
DA:463,0
BRDA:463,0,0,-
BRDA:463,0,1,-
BRDA:463,0,2,-
BRDA:463,0,3,-
DA:464,0
DA:465,0
BRDA:465,0,0,-
BRDA:465,0,1,-
DA:466,0
DA:467,0
BRDA:467,0,0,-
BRDA:467,0,1,-
DA:468,0
DA:469,0
BRDA:469,0,0,-
BRDA:469,0,1,-
BRDA:469,0,2,-
BRDA:469,0,3,-
DA:470,0
DA:478,0
DA:479,0
BRDA:479,0,0,-
BRDA:479,0,1,-
BRDA:479,0,2,-
BRDA:479,0,3,-
DA:481,0
DA:483,0
end_of_record
TN:
SF:/home/artem/Desktop/n2n/src/n2n.c
FN:31,open_socket
FNDA:3,open_socket
FN:71,getTraceLevel
FNDA:1,getTraceLevel
FN:76,setTraceLevel
FNDA:0,setTraceLevel
FN:81,setUseSyslog
FNDA:0,setUseSyslog
FN:86,setTraceFile
FNDA:0,setTraceFile
FN:91,closeTraceFile
FNDA:0,closeTraceFile
FN:105,traceEvent
FNDA:11,traceEvent
FN:183,intoa
FNDA:0,intoa
FN:216,bitlen2mask
FNDA:0,bitlen2mask
FN:230,mask2bitlen
FNDA:0,mask2bitlen
FN:248,macaddr_str
FNDA:0,macaddr_str
FN:263,supernode2sock
FNDA:0,supernode2sock
FN:319,resolve_thread
FNDA:0,resolve_thread
FN:370,resolve_create_thread
FNDA:0,resolve_create_thread
FN:413,resolve_cancel_thread
FNDA:0,resolve_cancel_thread
FN:422,resolve_check
FNDA:0,resolve_check
FN:480,add_sn_to_list_by_mac_or_sock
FNDA:0,add_sn_to_list_by_mac_or_sock
FN:522,is_multi_broadcast
FNDA:0,is_multi_broadcast
FN:532,is_broadcast
FNDA:0,is_broadcast
FN:540,is_null_mac
FNDA:0,is_null_mac
FN:550,msg_type2str
FNDA:0,msg_type2str
FN:569,hexdump
FNDA:0,hexdump
FN:591,print_n2n_version
FNDA:0,print_n2n_version
FN:601,purge_expired_nodes
FNDA:0,purge_expired_nodes
FN:626,purge_peer_list
FNDA:0,purge_peer_list
FN:658,clear_peer_list
FNDA:0,clear_peer_list
FN:672,hex2byte
FNDA:0,hex2byte
FN:682,str2mac
FNDA:0,str2mac
FN:703,sock_to_cstr
FNDA:0,sock_to_cstr
FN:728,ip_subnet_to_str
FNDA:0,ip_subnet_to_str
FN:742,sock_equal
FNDA:0,sock_equal
FN:775,memrnd
FNDA:2,memrnd
FN:792,memxor
FNDA:0,memxor
FN:853,time_stamp
FNDA:0,time_stamp
FN:912,initial_time_stamp
FNDA:0,initial_time_stamp
FN:920,time_stamp_verify_and_update
FNDA:0,time_stamp_verify_and_update
DA:31,3
DA:37,3
BRDA:37,0,0,2
BRDA:37,0,1,1
BRDA:37,0,2,0
BRDA:37,0,3,3
DA:38,0
DA:39,0
DA:40,0
DA:47,3
DA:48,3
DA:50,3
DA:53,3
DA:54,3
DA:55,3
DA:56,3
DA:58,3
BRDA:58,0,0,0
BRDA:58,0,1,3
DA:59,0
DA:60,0
DA:63,3
DA:71,1
DA:73,1
DA:76,0
DA:78,0
DA:79,0
DA:81,0
DA:83,0
DA:84,0
DA:86,0
DA:88,0
DA:89,0
DA:91,0
DA:93,0
BRDA:93,0,0,-
BRDA:93,0,1,-
BRDA:93,0,2,-
BRDA:93,0,3,-
DA:94,0
DA:97,0
BRDA:97,0,0,-
BRDA:97,0,1,-
BRDA:97,0,2,-
BRDA:97,0,3,-
DA:98,0
DA:99,0
DA:102,0
DA:105,11
DA:109,11
BRDA:109,0,0,1
BRDA:109,0,1,10
DA:110,1
DA:113,11
BRDA:113,0,0,8
BRDA:113,0,1,3
DA:117,8
DA:118,8
DA:127,8
DA:128,8
DA:130,8
DA:131,8
DA:132,8
DA:134,8
BRDA:134,0,0,1
BRDA:134,0,1,7
DA:135,1
DA:136,7
BRDA:136,0,0,1
BRDA:136,0,1,6
DA:137,1
DA:140,8
BRDA:140,0,0,0
BRDA:140,0,1,8
DA:141,0
DA:145,8
BRDA:145,0,0,0
BRDA:145,0,1,8
DA:146,0
BRDA:146,0,0,-
BRDA:146,0,1,-
DA:147,0
DA:148,0
DA:151,0
DA:152,0
DA:154,95
BRDA:154,0,0,95
BRDA:154,0,1,0
DA:155,95
BRDA:155,0,0,8
BRDA:155,0,1,87
DA:156,8
DA:157,8
DA:160,8
DA:161,8
DA:162,8
DA:178,11
DA:183,0
DA:189,0
DA:190,0
DA:192,0
DA:194,0
DA:195,0
DA:196,0
DA:197,0
BRDA:197,0,0,-
BRDA:197,0,1,-
DA:198,0
DA:199,0
DA:200,0
BRDA:200,0,0,-
BRDA:200,0,1,-
DA:201,0
DA:204,0
DA:205,0
DA:206,0
BRDA:206,0,0,-
BRDA:206,0,1,-
DA:209,0
DA:211,0
DA:216,0
DA:219,0
DA:221,0
BRDA:221,0,0,-
BRDA:221,0,1,-
DA:222,0
DA:225,0
DA:230,0
DA:232,0
DA:234,0
BRDA:234,0,0,-
BRDA:234,0,1,-
DA:235,0
BRDA:235,0,0,-
BRDA:235,0,1,-
DA:236,0
DA:238,0
DA:242,0
DA:248,0
DA:251,0
DA:252,0
DA:253,0
DA:255,0
DA:263,0
DA:268,0
DA:270,0
DA:271,0
DA:274,0
DA:276,0
DA:277,0
DA:279,0
BRDA:279,0,0,-
BRDA:279,0,1,-
DA:280,0
DA:281,0
BRDA:281,0,0,-
BRDA:281,0,1,-
DA:282,0
DA:283,0
DA:284,0
BRDA:284,0,0,-
BRDA:284,0,1,-
DA:286,0
BRDA:286,0,0,-
BRDA:286,0,1,-
BRDA:286,0,2,-
BRDA:286,0,3,-
DA:288,0
DA:289,0
DA:290,0
DA:291,0
DA:292,0
DA:295,0
DA:296,0
DA:298,0
DA:300,0
DA:301,0
DA:304,0
DA:305,0
DA:308,0
DA:310,0
DA:313,0
DA:315,0
DA:319,0
DA:322,0
DA:324,0
DA:328,0
DA:331,0
DA:334,0
DA:337,0
BRDA:337,0,0,-
BRDA:337,0,1,-
BRDA:337,0,2,-
BRDA:337,0,3,-
DA:338,0
BRDA:338,0,0,-
BRDA:338,0,1,-
BRDA:338,0,2,-
BRDA:338,0,3,-
BRDA:338,0,4,-
BRDA:338,0,5,-
DA:340,0
DA:342,0
BRDA:342,0,0,-
BRDA:342,0,1,-
DA:343,0
BRDA:343,0,0,-
BRDA:343,0,1,-
DA:345,0
DA:348,0
DA:351,0
DA:354,0
DA:355,0
BRDA:355,0,0,-
BRDA:355,0,1,-
BRDA:355,0,2,-
BRDA:355,0,3,-
BRDA:355,0,4,-
BRDA:355,0,5,-
DA:356,0
BRDA:356,0,0,-
BRDA:356,0,1,-
DA:357,0
DA:358,0
DA:364,0
DA:370,0
DA:378,0
DA:379,0
BRDA:379,0,0,-
BRDA:379,0,1,-
DA:380,0
BRDA:380,0,0,-
BRDA:380,0,1,-
BRDA:380,0,2,-
BRDA:380,0,3,-
BRDA:380,0,4,-
BRDA:380,0,5,-
DA:382,0
BRDA:382,0,0,-
BRDA:382,0,1,-
DA:383,0
DA:384,0
BRDA:384,0,0,-
BRDA:384,0,1,-
DA:385,0
DA:386,0
DA:387,0
DA:388,0
BRDA:388,0,0,-
BRDA:388,0,1,-
BRDA:388,0,2,-
BRDA:388,0,3,-
BRDA:388,0,4,-
BRDA:388,0,5,-
BRDA:388,0,6,-
BRDA:388,0,7,-
BRDA:388,0,8,-
BRDA:388,0,9,-
BRDA:388,0,10,-
BRDA:388,0,11,-
BRDA:388,0,12,-
BRDA:388,0,13,-
BRDA:388,0,14,-
BRDA:388,0,15,-
BRDA:388,0,16,-
BRDA:388,0,17,-
BRDA:388,0,18,-
BRDA:388,0,19,-
BRDA:388,0,20,-
BRDA:388,0,21,-
BRDA:388,0,22,-
BRDA:388,0,23,-
BRDA:388,0,24,-
BRDA:388,0,25,-
BRDA:388,0,26,-
BRDA:388,0,27,-
BRDA:388,0,28,-
BRDA:388,0,29,-
BRDA:388,0,30,-
BRDA:388,0,31,-
BRDA:388,0,32,-
BRDA:388,0,33,-
BRDA:388,0,34,-
BRDA:388,0,35,-
BRDA:388,0,36,-
BRDA:388,0,37,-
BRDA:388,0,38,-
BRDA:388,0,39,-
BRDA:388,0,40,-
BRDA:388,0,41,-
BRDA:388,0,42,-
BRDA:388,0,43,-
DA:390,0
DA:393,0
DA:395,0
DA:396,0
DA:400,0
DA:401,0
BRDA:401,0,0,-
BRDA:401,0,1,-
DA:402,0
DA:403,0
DA:406,0
DA:408,0
DA:413,0
DA:416,0
DA:417,0
DA:419,0
DA:422,0
DA:424,0
DA:430,0
BRDA:430,0,0,-
BRDA:430,0,1,-
DA:431,0
DA:436,0
BRDA:436,0,0,-
BRDA:436,0,1,-
BRDA:436,0,2,-
BRDA:436,0,3,-
DA:438,0
BRDA:438,0,0,-
BRDA:438,0,1,-
DA:440,0
BRDA:440,0,0,-
BRDA:440,0,1,-
DA:442,0
DA:445,0
BRDA:445,0,0,-
BRDA:445,0,1,-
BRDA:445,0,2,-
BRDA:445,0,3,-
BRDA:445,0,4,-
BRDA:445,0,5,-
DA:446,0
DA:447,0
DA:448,0
DA:453,0
BRDA:453,0,0,-
BRDA:453,0,1,-
DA:454,0
DA:455,0
DA:458,0
DA:461,0
BRDA:461,0,0,-
BRDA:461,0,1,-
DA:463,0
DA:465,0
DA:468,0
DA:473,0
DA:480,0
DA:482,0
DA:484,0
BRDA:484,0,0,-
BRDA:484,0,1,-
DA:485,0
BRDA:485,0,0,-
BRDA:485,0,1,-
BRDA:485,0,2,-
BRDA:485,0,3,-
BRDA:485,0,4,-
BRDA:485,0,5,-
BRDA:485,0,6,-
BRDA:485,0,7,-
BRDA:485,0,8,-
BRDA:485,0,9,-
BRDA:485,0,10,-
BRDA:485,0,11,-
BRDA:485,0,12,-
BRDA:485,0,13,-
BRDA:485,0,14,-
BRDA:485,0,15,-
BRDA:485,0,16,-
BRDA:485,0,17,-
BRDA:485,0,18,-
BRDA:485,0,19,-
BRDA:485,0,20,-
BRDA:485,0,21,-
BRDA:485,0,22,-
BRDA:485,0,23,-
BRDA:485,0,24,-
BRDA:485,0,25,-
BRDA:485,0,26,-
BRDA:485,0,27,-
BRDA:485,0,28,-
BRDA:485,0,29,-
DA:488,0
BRDA:488,0,0,-
BRDA:488,0,1,-
DA:489,0
BRDA:489,0,0,-
BRDA:489,0,1,-
BRDA:489,0,2,-
BRDA:489,0,3,-
BRDA:489,0,4,-
BRDA:489,0,5,-
DA:490,0
BRDA:490,0,0,-
BRDA:490,0,1,-
DA:492,0
BRDA:492,0,0,-
BRDA:492,0,1,-
DA:493,0
BRDA:493,0,0,-
BRDA:493,0,1,-
BRDA:493,0,2,-
BRDA:493,0,3,-
BRDA:493,0,4,-
BRDA:493,0,5,-
BRDA:493,0,6,-
BRDA:493,0,7,-
BRDA:493,0,8,-
BRDA:493,0,9,-
BRDA:493,0,10,-
BRDA:493,0,11,-
BRDA:493,0,12,-
BRDA:493,0,13,-
BRDA:493,0,14,-
BRDA:493,0,15,-
DA:494,0
DA:495,0
BRDA:495,0,0,-
BRDA:495,0,1,-
BRDA:495,0,2,-
BRDA:495,0,3,-
BRDA:495,0,4,-
BRDA:495,0,5,-
BRDA:495,0,6,-
BRDA:495,0,7,-
BRDA:495,0,8,-
BRDA:495,0,9,-
BRDA:495,0,10,-
BRDA:495,0,11,-
BRDA:495,0,12,-
BRDA:495,0,13,-
BRDA:495,0,14,-
BRDA:495,0,15,-
BRDA:495,0,16,-
BRDA:495,0,17,-
BRDA:495,0,18,-
BRDA:495,0,19,-
BRDA:495,0,20,-
BRDA:495,0,21,-
BRDA:495,0,22,-
BRDA:495,0,23,-
BRDA:495,0,24,-
BRDA:495,0,25,-
BRDA:495,0,26,-
BRDA:495,0,27,-
BRDA:495,0,28,-
BRDA:495,0,29,-
BRDA:495,0,30,-
BRDA:495,0,31,-
BRDA:495,0,32,-
BRDA:495,0,33,-
BRDA:495,0,34,-
BRDA:495,0,35,-
BRDA:495,0,36,-
BRDA:495,0,37,-
BRDA:495,0,38,-
BRDA:495,0,39,-
BRDA:495,0,40,-
BRDA:495,0,41,-
BRDA:495,0,42,-
BRDA:495,0,43,-
DA:497,0
DA:498,0
DA:502,0
BRDA:502,0,0,-
BRDA:502,0,1,-
BRDA:502,0,2,-
BRDA:502,0,3,-
DA:503,0
DA:504,0
BRDA:504,0,0,-
BRDA:504,0,1,-
DA:505,0
DA:506,0
DA:507,0
DA:508,0
DA:509,0
BRDA:509,0,0,-
BRDA:509,0,1,-
BRDA:509,0,2,-
BRDA:509,0,3,-
BRDA:509,0,4,-
BRDA:509,0,5,-
BRDA:509,0,6,-
BRDA:509,0,7,-
BRDA:509,0,8,-
BRDA:509,0,9,-
BRDA:509,0,10,-
BRDA:509,0,11,-
BRDA:509,0,12,-
BRDA:509,0,13,-
BRDA:509,0,14,-
BRDA:509,0,15,-
BRDA:509,0,16,-
BRDA:509,0,17,-
BRDA:509,0,18,-
BRDA:509,0,19,-
BRDA:509,0,20,-
BRDA:509,0,21,-
BRDA:509,0,22,-
BRDA:509,0,23,-
BRDA:509,0,24,-
BRDA:509,0,25,-
BRDA:509,0,26,-
BRDA:509,0,27,-
BRDA:509,0,28,-
BRDA:509,0,29,-
BRDA:509,0,30,-
BRDA:509,0,31,-
BRDA:509,0,32,-
BRDA:509,0,33,-
BRDA:509,0,34,-
BRDA:509,0,35,-
BRDA:509,0,36,-
BRDA:509,0,37,-
BRDA:509,0,38,-
BRDA:509,0,39,-
BRDA:509,0,40,-
BRDA:509,0,41,-
BRDA:509,0,42,-
BRDA:509,0,43,-
DA:510,0
DA:515,0
DA:522,0
DA:524,0
DA:525,0
BRDA:525,0,0,-
BRDA:525,0,1,-
BRDA:525,0,2,-
BRDA:525,0,3,-
DA:526,0
DA:528,0
BRDA:528,0,0,-
BRDA:528,0,1,-
BRDA:528,0,2,-
BRDA:528,0,3,-
BRDA:528,0,4,-
BRDA:528,0,5,-
DA:532,0
DA:534,0
DA:536,0
DA:540,0
DA:542,0
DA:544,0
DA:550,0
DA:552,0
BRDA:552,0,0,-
BRDA:552,0,1,-
BRDA:552,0,2,-
BRDA:552,0,3,-
BRDA:552,0,4,-
BRDA:552,0,5,-
BRDA:552,0,6,-
BRDA:552,0,7,-
BRDA:552,0,8,-
DA:553,0
DA:554,0
DA:555,0
DA:556,0
DA:557,0
DA:558,0
DA:559,0
DA:560,0
DA:561,0
DA:569,0
DA:573,0
BRDA:573,0,0,-
BRDA:573,0,1,-
DA:574,0
DA:577,0
DA:578,0
BRDA:578,0,0,-
BRDA:578,0,1,-
DA:579,0
BRDA:579,0,0,-
BRDA:579,0,1,-
BRDA:579,0,2,-
BRDA:579,0,3,-
DA:580,0
DA:582,0
DA:584,0
DA:585,0
DA:591,0
DA:593,0
DA:597,0
DA:601,0
DA:607,0
DA:608,0
DA:610,0
BRDA:610,0,0,-
BRDA:610,0,1,-
DA:611,0
DA:614,0
DA:616,0
DA:618,0
DA:619,0
DA:621,0
DA:626,0
DA:633,0
DA:635,0
BRDA:635,0,0,-
BRDA:635,0,1,-
BRDA:635,0,2,-
BRDA:635,0,3,-
BRDA:635,0,4,-
BRDA:635,0,5,-
DA:636,0
BRDA:636,0,0,-
BRDA:636,0,1,-
BRDA:636,0,2,-
BRDA:636,0,3,-
DA:637,0
BRDA:637,0,0,-
BRDA:637,0,1,-
BRDA:637,0,2,-
BRDA:637,0,3,-
DA:638,0
BRDA:638,0,0,-
BRDA:638,0,1,-
DA:639,0
BRDA:639,0,0,-
BRDA:639,0,1,-
BRDA:639,0,2,-
BRDA:639,0,3,-
BRDA:639,0,4,-
BRDA:639,0,5,-
BRDA:639,0,6,-
BRDA:639,0,7,-
BRDA:639,0,8,-
BRDA:639,0,9,-
BRDA:639,0,10,-
BRDA:639,0,11,-
BRDA:639,0,12,-
BRDA:639,0,13,-
BRDA:639,0,14,-
BRDA:639,0,15,-
BRDA:639,0,16,-
BRDA:639,0,17,-
BRDA:639,0,18,-
BRDA:639,0,19,-
BRDA:639,0,20,-
BRDA:639,0,21,-
BRDA:639,0,22,-
BRDA:639,0,23,-
BRDA:639,0,24,-
BRDA:639,0,25,-
BRDA:639,0,26,-
BRDA:639,0,27,-
BRDA:639,0,28,-
BRDA:639,0,29,-
DA:640,0
BRDA:640,0,0,-
BRDA:640,0,1,-
DA:641,0
BRDA:641,0,0,-
BRDA:641,0,1,-
BRDA:641,0,2,-
BRDA:641,0,3,-
BRDA:641,0,4,-
BRDA:641,0,5,-
BRDA:641,0,6,-
BRDA:641,0,7,-
BRDA:641,0,8,-
BRDA:641,0,9,-
BRDA:641,0,10,-
BRDA:641,0,11,-
BRDA:641,0,12,-
BRDA:641,0,13,-
BRDA:641,0,14,-
BRDA:641,0,15,-
DA:642,0
DA:644,0
DA:645,0
DA:648,0
BRDA:648,0,0,-
BRDA:648,0,1,-
BRDA:648,0,2,-
BRDA:648,0,3,-
BRDA:648,0,4,-
BRDA:648,0,5,-
BRDA:648,0,6,-
BRDA:648,0,7,-
BRDA:648,0,8,-
BRDA:648,0,9,-
BRDA:648,0,10,-
BRDA:648,0,11,-
BRDA:648,0,12,-
BRDA:648,0,13,-
BRDA:648,0,14,-
BRDA:648,0,15,-
DA:649,0
DA:650,0
DA:654,0
DA:658,0
DA:661,0
DA:663,0
BRDA:663,0,0,-
BRDA:663,0,1,-
BRDA:663,0,2,-
BRDA:663,0,3,-
DA:664,0
BRDA:664,0,0,-
BRDA:664,0,1,-
BRDA:664,0,2,-
BRDA:664,0,3,-
BRDA:664,0,4,-
BRDA:664,0,5,-
BRDA:664,0,6,-
BRDA:664,0,7,-
BRDA:664,0,8,-
BRDA:664,0,9,-
BRDA:664,0,10,-
BRDA:664,0,11,-
BRDA:664,0,12,-
BRDA:664,0,13,-
BRDA:664,0,14,-
BRDA:664,0,15,-
DA:665,0
DA:666,0
BRDA:666,0,0,-
BRDA:666,0,1,-
DA:669,0
DA:672,0
DA:675,0
DA:676,0
DA:677,0
DA:679,0
DA:682,0
DA:689,0
DA:690,0
DA:691,0
DA:693,0
BRDA:693,0,0,-
BRDA:693,0,1,-
DA:694,0
DA:695,0
DA:696,0
DA:697,0
DA:700,0
DA:703,0
DA:706,0
BRDA:706,0,0,-
BRDA:706,0,1,-
DA:707,0
DA:709,0
DA:711,0
BRDA:711,0,0,-
BRDA:711,0,1,-
DA:713,0
DA:714,0
DA:716,0
DA:718,0
DA:719,0
DA:720,0
DA:721,0
DA:722,0
DA:723,0
DA:724,0
DA:728,0
DA:730,0
DA:731,0
DA:732,0
DA:733,0
DA:734,0
DA:735,0
DA:737,0
DA:742,0
DA:745,0
BRDA:745,0,0,-
BRDA:745,0,1,-
DA:746,0
DA:749,0
BRDA:749,0,0,-
BRDA:749,0,1,-
DA:750,0
DA:753,0
BRDA:753,0,0,-
BRDA:753,0,1,-
DA:754,0
DA:755,0
BRDA:755,0,0,-
BRDA:755,0,1,-
DA:756,0
DA:758,0
DA:760,0
DA:761,0
BRDA:761,0,0,-
BRDA:761,0,1,-
DA:762,0
DA:764,0
DA:768,0
DA:775,2
DA:777,7
BRDA:777,0,0,5
BRDA:777,0,1,2
DA:778,5
DA:779,5
DA:782,4
BRDA:782,0,0,2
BRDA:782,0,1,2
DA:783,2
DA:784,2
DA:787,2
DA:792,0
DA:794,0
BRDA:794,0,0,-
BRDA:794,0,1,-
DA:795,0
DA:796,0
DA:797,0
DA:800,0
BRDA:800,0,0,-
BRDA:800,0,1,-
DA:801,0
DA:802,0
DA:803,0
DA:806,0
DA:853,0
DA:859,0
DA:862,0
DA:867,0
DA:869,0
DA:870,0
DA:873,0
DA:876,0
DA:878,0
DA:882,0
DA:884,0
DA:885,0
DA:889,0
DA:892,0
DA:895,0
DA:896,0
DA:897,0
DA:898,0
DA:901,0
DA:902,0
DA:903,0
DA:905,0
DA:907,0
DA:912,0
DA:914,0
DA:920,0
DA:925,0
DA:928,0
DA:930,0
DA:931,0
BRDA:931,0,0,-
BRDA:931,0,1,-
DA:932,0
DA:933,0
DA:937,0
BRDA:937,0,0,-
BRDA:937,0,1,-
DA:938,0
DA:939,0
BRDA:939,0,0,-
BRDA:939,0,1,-
DA:941,0
DA:944,0
BRDA:944,0,0,-
BRDA:944,0,1,-
DA:945,0
DA:946,0
DA:950,0
DA:953,0
end_of_record
TN:
SF:/home/artem/Desktop/n2n/src/curve25519.c
FN:30,add
FNDA:0,add
FN:46,sub
FNDA:0,sub
FN:62,squeeze
FNDA:0,squeeze
FN:90,freeze
FNDA:0,freeze
FN:105,mult
FNDA:0,mult
FN:123,mult121665
FNDA:0,mult121665
FN:147,square
FNDA:0,square
FN:170,select
FNDA:0,select
FN:186,mainloop
FNDA:0,mainloop
FN:247,recip
FNDA:0,recip
FN:333,curve25519
FNDA:0,curve25519
DA:30,0
DA:35,0
DA:36,0
BRDA:36,0,0,-
BRDA:36,0,1,-
DA:37,0
DA:38,0
DA:39,0
DA:41,0
DA:42,0
DA:43,0
DA:46,0
DA:51,0
DA:52,0
BRDA:52,0,0,-
BRDA:52,0,1,-
DA:53,0
DA:54,0
DA:55,0
DA:57,0
DA:58,0
DA:59,0
DA:62,0
DA:67,0
DA:68,0
BRDA:68,0,0,-
BRDA:68,0,1,-
DA:69,0
DA:70,0
DA:71,0
DA:73,0
DA:74,0
DA:75,0
DA:76,0
BRDA:76,0,0,-
BRDA:76,0,1,-
DA:77,0
DA:78,0
DA:79,0
DA:81,0
DA:82,0
DA:83,0
DA:90,0
DA:96,0
BRDA:96,0,0,-
BRDA:96,0,1,-
DA:97,0
DA:98,0
DA:99,0
DA:100,0
BRDA:100,0,0,-
BRDA:100,0,1,-
DA:101,0
DA:102,0
DA:105,0
DA:111,0
BRDA:111,0,0,-
BRDA:111,0,1,-
DA:112,0
DA:113,0
BRDA:113,0,0,-
BRDA:113,0,1,-
DA:114,0
DA:115,0
BRDA:115,0,0,-
BRDA:115,0,1,-
DA:116,0
DA:117,0
DA:119,0
DA:120,0
DA:123,0
DA:128,0
DA:129,0
BRDA:129,0,0,-
BRDA:129,0,1,-
DA:130,0
DA:131,0
DA:132,0
DA:134,0
DA:135,0
DA:136,0
DA:137,0
BRDA:137,0,0,-
BRDA:137,0,1,-
DA:138,0
DA:139,0
DA:140,0
DA:142,0
DA:143,0
DA:144,0
DA:147,0
DA:153,0
BRDA:153,0,0,-
BRDA:153,0,1,-
DA:154,0
DA:155,0
BRDA:155,0,0,-
BRDA:155,0,1,-
DA:156,0
DA:157,0
BRDA:157,0,0,-
BRDA:157,0,1,-
DA:158,0
DA:159,0
DA:160,0
BRDA:160,0,0,-
BRDA:160,0,1,-
DA:161,0
DA:162,0
DA:164,0
DA:166,0
DA:167,0
DA:170,0
DA:177,0
DA:178,0
BRDA:178,0,0,-
BRDA:178,0,1,-
DA:179,0
DA:180,0
DA:181,0
DA:183,0
DA:186,0
DA:207,0
BRDA:207,0,0,-
BRDA:207,0,1,-
DA:208,0
DA:209,0
DA:210,0
BRDA:210,0,0,-
BRDA:210,0,1,-
DA:211,0
DA:213,0
DA:214,0
BRDA:214,0,0,-
BRDA:214,0,1,-
DA:215,0
DA:217,0
BRDA:217,0,0,-
BRDA:217,0,1,-
DA:218,0
DA:219,0
DA:220,0
DA:221,0
DA:222,0
DA:223,0
DA:224,0
DA:225,0
DA:226,0
DA:227,0
DA:228,0
DA:229,0
DA:230,0
DA:231,0
DA:232,0
DA:233,0
DA:234,0
DA:235,0
DA:236,0
DA:237,0
DA:238,0
DA:239,0
DA:242,0
BRDA:242,0,0,-
BRDA:242,0,1,-
DA:243,0
DA:244,0
DA:247,0
DA:261,0
DA:262,0
DA:263,0
DA:264,0
DA:265,0
DA:266,0
DA:267,0
DA:269,0
DA:270,0
DA:271,0
DA:272,0
DA:273,0
DA:274,0
DA:276,0
DA:277,0
DA:278,0
BRDA:278,0,0,-
BRDA:278,0,1,-
DA:279,0
DA:280,0
DA:282,0
DA:284,0
DA:285,0
DA:286,0
BRDA:286,0,0,-
BRDA:286,0,1,-
DA:287,0
DA:288,0
DA:290,0
DA:292,0
DA:293,0
DA:294,0
BRDA:294,0,0,-
BRDA:294,0,1,-
DA:295,0
DA:296,0
DA:298,0
DA:300,0
DA:301,0
DA:302,0
BRDA:302,0,0,-
BRDA:302,0,1,-
DA:303,0
DA:304,0
DA:306,0
DA:308,0
DA:309,0
DA:310,0
BRDA:310,0,0,-
BRDA:310,0,1,-
DA:311,0
DA:312,0
DA:314,0
DA:316,0
DA:317,0
DA:318,0
BRDA:318,0,0,-
BRDA:318,0,1,-
DA:319,0
DA:320,0
DA:322,0
DA:324,0
DA:325,0
DA:326,0
DA:327,0
DA:328,0
DA:329,0
DA:330,0
DA:333,0
DA:339,0
BRDA:339,0,0,-
BRDA:339,0,1,-
DA:340,0
DA:341,0
DA:342,0
DA:343,0
DA:345,0
BRDA:345,0,0,-
BRDA:345,0,1,-
DA:346,0
DA:347,0
DA:349,0
DA:350,0
DA:351,0
DA:352,0
DA:354,0
BRDA:354,0,0,-
BRDA:354,0,1,-
DA:355,0
DA:356,0
end_of_record
TN:
SF:/usr/include/x86_64-linux-gnu/bits/byteswap.h
FN:49,__bswap_32
FNDA:0,__bswap_32
FN:70,__bswap_64
FNDA:0,__bswap_64
DA:49,0
DA:52,0
DA:70,0
DA:73,0
end_of_record
SF:/home/artem/Desktop/n2n/src/sn_selection.c
FN:28,sn_selection_criterion_init
FNDA:0,sn_selection_criterion_init
FN:39,sn_selection_criterion_default
FNDA:0,sn_selection_criterion_default
FN:48,sn_selection_criterion_bad
FNDA:0,sn_selection_criterion_bad
FN:56,sn_selection_criterion_good
FNDA:0,sn_selection_criterion_good
FN:67,sn_selection_criterion_calculate
FNDA:0,sn_selection_criterion_calculate
FN:117,sn_selection_criterion_common_data_default
FNDA:0,sn_selection_criterion_common_data_default
FN:154,sn_selection_criterion_common_read
FNDA:0,sn_selection_criterion_common_read
FN:161,sn_selection_criterion_sort
FNDA:0,sn_selection_criterion_sort
FN:176,sn_selection_sort
FNDA:0,sn_selection_sort
FN:187,sn_selection_criterion_gather_data
FNDA:0,sn_selection_criterion_gather_data
FN:207,sn_selection_criterion_str
FNDA:0,sn_selection_criterion_str
DA:28,0
DA:30,0
BRDA:30,0,0,-
BRDA:30,0,1,-
DA:31,0
DA:34,0
DA:39,0
DA:41,0
DA:43,0
DA:48,0
DA:50,0
DA:52,0
DA:56,0
DA:58,0
DA:60,0
DA:67,0
DA:70,0
DA:72,0
DA:74,0
BRDA:74,0,0,-
BRDA:74,0,1,-
BRDA:74,0,2,-
BRDA:74,0,3,-
DA:76,0
DA:77,0
DA:83,0
BRDA:83,0,0,-
BRDA:83,0,1,-
DA:84,0
BRDA:84,0,0,-
BRDA:84,0,1,-
BRDA:84,0,2,-
BRDA:84,0,3,-
DA:85,0
DA:87,0
DA:90,0
DA:91,0
DA:92,0
DA:95,0
DA:96,0
DA:97,0
DA:98,0
DA:100,0
DA:101,0
DA:102,0
DA:105,0
DA:107,0
DA:108,0
DA:112,0
DA:117,0
DA:119,0
BRDA:119,0,0,-
BRDA:119,0,1,-
BRDA:119,0,2,-
BRDA:119,0,3,-
DA:121,0
DA:122,0
DA:124,0
BRDA:124,0,0,-
BRDA:124,0,1,-
DA:125,0
BRDA:125,0,0,-
BRDA:125,0,1,-
DA:126,0
DA:128,0
BRDA:128,0,0,-
BRDA:128,0,1,-
DA:129,0
DA:132,0
DA:133,0
DA:134,0
DA:137,0
DA:138,0
DA:139,0
DA:142,0
DA:144,0
DA:145,0
DA:149,0
DA:154,0
DA:156,0
DA:161,0
DA:163,0
DA:166,0
BRDA:166,0,0,-
BRDA:166,0,1,-
DA:167,0
DA:168,0
BRDA:168,0,0,-
BRDA:168,0,1,-
DA:169,0
DA:171,0
DA:176,0
DA:178,0
BRDA:178,0,0,-
BRDA:178,0,1,-
BRDA:178,0,2,-
BRDA:178,0,3,-
BRDA:178,0,4,-
BRDA:178,0,5,-
BRDA:178,0,6,-
BRDA:178,0,7,-
BRDA:178,0,8,-
BRDA:178,0,9,-
BRDA:178,0,10,-
BRDA:178,0,11,-
BRDA:178,0,12,-
BRDA:178,0,13,-
BRDA:178,0,14,-
BRDA:178,0,15,-
BRDA:178,0,16,-
BRDA:178,0,17,-
BRDA:178,0,18,-
BRDA:178,0,19,-
BRDA:178,0,20,-
BRDA:178,0,21,-
BRDA:178,0,22,-
BRDA:178,0,23,-
BRDA:178,0,24,-
BRDA:178,0,25,-
BRDA:178,0,26,-
BRDA:178,0,27,-
BRDA:178,0,28,-
BRDA:178,0,29,-
BRDA:178,0,30,-
BRDA:178,0,31,-
BRDA:178,0,32,-
BRDA:178,0,33,-
BRDA:178,0,34,-
BRDA:178,0,35,-
BRDA:178,0,36,-
BRDA:178,0,37,-
BRDA:178,0,38,-
BRDA:178,0,39,-
BRDA:178,0,40,-
BRDA:178,0,41,-
BRDA:178,0,42,-
BRDA:178,0,43,-
BRDA:178,0,44,-
BRDA:178,0,45,-
BRDA:178,0,46,-
BRDA:178,0,47,-
BRDA:178,0,48,-
BRDA:178,0,49,-
DA:180,0
DA:187,0
DA:189,0
DA:192,0
BRDA:192,0,0,-
BRDA:192,0,1,-
BRDA:192,0,2,-
BRDA:192,0,3,-
DA:194,0
BRDA:194,0,0,-
BRDA:194,0,1,-
DA:195,0
BRDA:195,0,0,-
BRDA:195,0,1,-
DA:197,0
DA:199,0
BRDA:199,0,0,-
BRDA:199,0,1,-
DA:202,0
DA:207,0
DA:209,0
DA:212,0
BRDA:212,0,0,-
BRDA:212,0,1,-
DA:213,0
DA:215,0
DA:220,0
BRDA:220,0,0,-
BRDA:220,0,1,-
DA:222,0
BRDA:222,0,0,-
BRDA:222,0,1,-
BRDA:222,0,2,-
BRDA:222,0,3,-
DA:224,0
DA:225,0
DA:226,0
DA:229,0
DA:230,0
DA:231,0
DA:234,0
DA:235,0
BRDA:235,0,0,-
BRDA:235,0,1,-
DA:236,0
DA:239,0
DA:241,0
DA:242,0
DA:247,0
BRDA:247,0,0,-
BRDA:247,0,1,-
DA:248,0
DA:252,0
end_of_record
TN:
SF:/home/artem/Desktop/n2n/src/sn_management.c
FN:37,mgmt_error
FNDA:0,mgmt_error
FN:50,mgmt_stop
FNDA:0,mgmt_stop
FN:69,mgmt_verbose
FNDA:0,mgmt_verbose
FN:90,mgmt_reload_communities
FNDA:0,mgmt_reload_communities
FN:117,mgmt_timestamps
FNDA:0,mgmt_timestamps
FN:136,mgmt_packetstats
FNDA:0,mgmt_packetstats
FN:194,mgmt_communities
FNDA:0,mgmt_communities
FN:221,mgmt_edges
FNDA:0,mgmt_edges
FN:260,mgmt_unimplemented
FNDA:0,mgmt_unimplemented
FN:280,mgmt_help
FNDA:0,mgmt_help
FN:312,mgmt_auth
FNDA:0,mgmt_auth
FN:329,handleMgmtJson_sn
FNDA:0,handleMgmtJson_sn
DA:37,0
DA:39,0
DA:46,0
DA:48,0
DA:50,0
DA:53,0
BRDA:53,0,0,-
BRDA:53,0,1,-
DA:54,0
DA:57,0
DA:63,0
DA:65,0
DA:67,0
DA:69,0
DA:72,0
BRDA:72,0,0,-
BRDA:72,0,1,-
DA:73,0
BRDA:73,0,0,-
BRDA:73,0,1,-
DA:74,0
DA:78,0
DA:86,0
DA:88,0
DA:90,0
DA:93,0
BRDA:93,0,0,-
BRDA:93,0,1,-
DA:94,0
DA:95,0
DA:98,0
BRDA:98,0,0,-
BRDA:98,0,1,-
DA:99,0
DA:100,0
DA:103,0
DA:105,0
DA:113,0
DA:117,0
DA:120,0
DA:132,0
DA:134,0
DA:136,0
DA:139,0
DA:148,0
DA:151,0
DA:160,0
DA:163,0
DA:176,0
DA:180,0
DA:189,0
DA:192,0
DA:194,0
DA:197,0
DA:199,0
BRDA:199,0,0,-
BRDA:199,0,1,-
BRDA:199,0,2,-
BRDA:199,0,3,-
BRDA:199,0,4,-
BRDA:199,0,5,-
DA:201,0
DA:210,0
DA:211,0
DA:212,0
BRDA:212,0,0,-
BRDA:212,0,1,-
DA:213,0
BRDA:213,0,0,-
BRDA:213,0,1,-
DA:216,0
DA:219,0
DA:221,0
DA:227,0
DA:229,0
BRDA:229,0,0,-
BRDA:229,0,1,-
BRDA:229,0,2,-
BRDA:229,0,3,-
BRDA:229,0,4,-
BRDA:229,0,5,-
DA:230,0
BRDA:230,0,0,-
BRDA:230,0,1,-
BRDA:230,0,2,-
BRDA:230,0,3,-
BRDA:230,0,4,-
BRDA:230,0,5,-
DA:232,0
BRDA:232,0,0,-
BRDA:232,0,1,-
DA:245,0
BRDA:245,0,0,-
BRDA:245,0,1,-
DA:246,0
DA:247,0
BRDA:247,0,0,-
BRDA:247,0,1,-
DA:248,0
DA:249,0
DA:250,0
BRDA:250,0,0,-
BRDA:250,0,1,-
DA:251,0
BRDA:251,0,0,-
BRDA:251,0,1,-
DA:254,0
DA:258,0
DA:260,0
DA:261,0
DA:262,0
DA:280,0
DA:289,0
BRDA:289,0,0,-
BRDA:289,0,1,-
DA:290,0
DA:300,0
DA:303,0
DA:312,0
DA:314,0
BRDA:314,0,0,-
BRDA:314,0,1,-
DA:316,0
BRDA:316,0,0,-
BRDA:316,0,1,-
DA:317,0
DA:319,0
DA:322,0
BRDA:322,0,0,-
BRDA:322,0,1,-
DA:323,0
DA:326,0
DA:329,0
DA:345,0
DA:346,0
DA:348,0
DA:350,0
DA:351,0
BRDA:351,0,0,-
BRDA:351,0,1,-
DA:353,0
DA:354,0
DA:356,0
BRDA:356,0,0,-
BRDA:356,0,1,-
DA:357,0
DA:358,0
BRDA:358,0,0,-
BRDA:358,0,1,-
DA:359,0
DA:362,0
DA:363,0
DA:367,0
DA:368,0
BRDA:368,0,0,-
BRDA:368,0,1,-
DA:369,0
DA:370,0
DA:373,0
DA:374,0
BRDA:374,0,0,-
BRDA:374,0,1,-
DA:375,0
DA:376,0
DA:383,0
DA:388,0
DA:389,0
DA:390,0
BRDA:390,0,0,-
BRDA:390,0,1,-
DA:391,0
DA:393,0
DA:397,0
BRDA:397,0,0,-
BRDA:397,0,1,-
DA:398,0
DA:400,0
DA:403,0
BRDA:403,0,0,-
BRDA:403,0,1,-
DA:404,0
DA:405,0
DA:408,0
BRDA:408,0,0,-
BRDA:408,0,1,-
DA:409,0
BRDA:409,0,0,-
BRDA:409,0,1,-
DA:410,0
DA:413,0
BRDA:413,0,0,-
BRDA:413,0,1,-
DA:414,0
DA:415,0
DA:418,0
BRDA:418,0,0,-
BRDA:418,0,1,-
BRDA:418,0,2,-
BRDA:418,0,3,-
DA:419,0
DA:420,0
DA:429,0
DA:431,0
DA:434,0
DA:436,0
DA:438,0
DA:440,0
end_of_record
TN:
SF:/usr/include/x86_64-linux-gnu/bits/byteswap.h
FN:49,__bswap_32
FNDA:0,__bswap_32
FN:70,__bswap_64
FNDA:0,__bswap_64
DA:49,0
DA:52,0
DA:70,0
DA:73,0
end_of_record
SF:/home/artem/Desktop/n2n/src/header_encryption.c
FN:26,packet_header_decrypt
FNDA:0,packet_header_decrypt
FN:81,packet_header_encrypt
FNDA:0,packet_header_encrypt
FN:123,packet_header_setup_key
FNDA:1,packet_header_setup_key
FN:156,packet_header_change_dynamic_key
FNDA:0,packet_header_change_dynamic_key
DA:26,0
DA:32,0
DA:34,0
DA:38,0
DA:39,0
DA:42,0
DA:44,0
BRDA:44,0,0,-
BRDA:44,0,1,-
DA:46,0
DA:51,0
DA:54,0
DA:55,0
DA:58,0
DA:59,0
DA:60,0
DA:62,0
BRDA:62,0,0,-
BRDA:62,0,1,-
DA:63,0
DA:66,0
DA:69,0
DA:72,0
DA:76,0
DA:81,0
DA:85,0
DA:86,0
DA:87,0
DA:88,0
DA:89,0
DA:91,0
BRDA:91,0,0,-
BRDA:91,0,1,-
DA:92,0
DA:93,0
DA:97,0
DA:100,0
DA:103,0
DA:105,0
DA:106,0
DA:108,0
DA:111,0
DA:114,0
DA:117,0
DA:119,0
DA:123,1
DA:133,1
DA:135,1
BRDA:135,0,0,1
BRDA:135,0,1,0
DA:136,1
DA:137,1
DA:139,1
BRDA:139,0,0,1
BRDA:139,0,1,0
DA:140,1
DA:141,1
DA:144,1
DA:146,1
BRDA:146,0,0,1
BRDA:146,0,1,0
DA:147,1
DA:148,1
DA:150,1
BRDA:150,0,0,1
BRDA:150,0,1,0
DA:151,1
DA:152,1
DA:153,1
DA:156,0
DA:160,0
DA:164,0
DA:168,0
DA:169,0
DA:170,0
end_of_record
TN:
SF:/home/artem/Desktop/n2n/src/sn_utils.c
FN:82,close_tcp_connection
FNDA:0,close_tcp_connection
FN:116,calculate_shared_secrets
FNDA:1,calculate_shared_secrets
FN:142,calculate_dynamic_keys
FNDA:0,calculate_dynamic_keys
FN:169,send_re_register_super
FNDA:0,send_re_register_super
FN:214,load_allowed_sn_community
FNDA:0,load_allowed_sn_community
FN:472,sendto_fd
FNDA:0,sendto_fd
FN:509,sendto_sock
FNDA:0,sendto_sock
FN:565,sendto_peer
FNDA:0,sendto_peer
FN:598,try_broadcast
FNDA:0,try_broadcast
FN:670,try_forward
FNDA:0,try_forward
FN:730,comm_init
FNDA:0,comm_init
FN:741,sn_init_defaults
FNDA:1,sn_init_defaults
FN:813,sn_init
FNDA:0,sn_init
FN:823,sn_term
FNDA:0,sn_term
FN:885,update_node_supernode_association
FNDA:0,update_node_supernode_association
FN:914,reg_lifetime
FNDA:0,reg_lifetime
FN:926,auth_edge
FNDA:0,auth_edge
FN:980,get_local_auth
FNDA:0,get_local_auth
FN:992,handle_remote_auth
FNDA:0,handle_remote_auth
FN:1044,update_edge
FNDA:0,update_edge
FN:1159,ip_addr_available
FNDA:0,ip_addr_available
FN:1179,peer_tap_ip_sort
FNDA:0,peer_tap_ip_sort
FN:1189,assign_one_ip_addr
FNDA:0,assign_one_ip_addr
FN:1240,subnet_available
FNDA:0,subnet_available
FN:1267,assign_one_ip_subnet
FNDA:0,assign_one_ip_subnet
FN:1327,find_edge_time_stamp_and_verify
FNDA:0,find_edge_time_stamp_and_verify
FN:1351,re_register_and_purge_supernodes
FNDA:0,re_register_and_purge_supernodes
FN:1423,purge_expired_communities
FNDA:0,purge_expired_communities
FN:1482,number_enc_packets_sort
FNDA:0,number_enc_packets_sort
FN:1490,sort_communities
FNDA:0,sort_communities
FN:1516,process_mgmt
FNDA:0,process_mgmt
FN:1663,sendto_mgmt
FNDA:0,sendto_mgmt
FN:1683,process_udp
FNDA:0,process_udp
FN:2729,run_sn_loop
FNDA:0,run_sn_loop
DA:82,0
DA:87,0
BRDA:87,0,0,-
BRDA:87,0,1,-
DA:88,0
DA:91,0
BRDA:91,0,0,-
BRDA:91,0,1,-
BRDA:91,0,2,-
BRDA:91,0,3,-
BRDA:91,0,4,-
BRDA:91,0,5,-
DA:92,0
BRDA:92,0,0,-
BRDA:92,0,1,-
BRDA:92,0,2,-
BRDA:92,0,3,-
BRDA:92,0,4,-
BRDA:92,0,5,-
DA:93,0
BRDA:93,0,0,-
BRDA:93,0,1,-
DA:95,0
BRDA:95,0,0,-
BRDA:95,0,1,-
BRDA:95,0,2,-
BRDA:95,0,3,-
BRDA:95,0,4,-
BRDA:95,0,5,-
BRDA:95,0,6,-
BRDA:95,0,7,-
BRDA:95,0,8,-
BRDA:95,0,9,-
BRDA:95,0,10,-
BRDA:95,0,11,-
BRDA:95,0,12,-
BRDA:95,0,13,-
BRDA:95,0,14,-
BRDA:95,0,15,-
DA:96,0
DA:97,0
DA:102,0
DA:104,0
DA:105,0
DA:107,0
DA:116,1
DA:121,1
DA:123,1
DA:124,2
BRDA:124,0,0,1
BRDA:124,0,1,0
BRDA:124,0,2,0
BRDA:124,0,3,1
BRDA:124,0,4,1
BRDA:124,0,5,1
DA:125,1
BRDA:125,0,0,1
BRDA:125,0,1,0
DA:126,1
DA:128,0
BRDA:128,0,0,-
BRDA:128,0,1,-
BRDA:128,0,2,-
BRDA:128,0,3,-
BRDA:128,0,4,-
BRDA:128,0,5,-
DA:130,0
DA:132,0
DA:133,0
DA:137,1
DA:138,1
DA:142,0
DA:144,0
DA:146,0
DA:147,0
BRDA:147,0,0,-
BRDA:147,0,1,-
BRDA:147,0,2,-
BRDA:147,0,3,-
BRDA:147,0,4,-
BRDA:147,0,5,-
DA:149,0
BRDA:149,0,0,-
BRDA:149,0,1,-
DA:150,0
DA:154,0
BRDA:154,0,0,-
BRDA:154,0,1,-
DA:155,0
DA:157,0
DA:158,0
DA:159,0
DA:162,0
DA:165,0
DA:169,0
DA:171,0
DA:172,0
DA:175,0
DA:178,0
BRDA:178,0,0,-
BRDA:178,0,1,-
BRDA:178,0,2,-
BRDA:178,0,3,-
BRDA:178,0,4,-
BRDA:178,0,5,-
DA:179,0
BRDA:179,0,0,-
BRDA:179,0,1,-
DA:180,0
DA:184,0
BRDA:184,0,0,-
BRDA:184,0,1,-
DA:186,0
DA:187,0
DA:188,0
DA:189,0
DA:191,0
BRDA:191,0,0,-
BRDA:191,0,1,-
BRDA:191,0,2,-
BRDA:191,0,3,-
BRDA:191,0,4,-
BRDA:191,0,5,-
DA:193,0
DA:194,0
DA:197,0
DA:198,0
DA:200,0
DA:204,0
DA:208,0
DA:214,0
DA:223,0
DA:227,0
DA:229,0
DA:233,0
DA:235,0
DA:238,0
DA:241,0
BRDA:241,0,0,-
BRDA:241,0,1,-
DA:242,0
DA:243,0
DA:250,0
DA:253,0
BRDA:253,0,0,-
BRDA:253,0,1,-
BRDA:253,0,2,-
BRDA:253,0,3,-
BRDA:253,0,4,-
BRDA:253,0,5,-
DA:254,0
BRDA:254,0,0,-
BRDA:254,0,1,-
DA:255,0
DA:259,0
BRDA:259,0,0,-
BRDA:259,0,1,-
BRDA:259,0,2,-
BRDA:259,0,3,-
BRDA:259,0,4,-
BRDA:259,0,5,-
DA:261,0
BRDA:261,0,0,-
BRDA:261,0,1,-
BRDA:261,0,2,-
BRDA:261,0,3,-
DA:262,0
BRDA:262,0,0,-
BRDA:262,0,1,-
BRDA:262,0,2,-
BRDA:262,0,3,-
BRDA:262,0,4,-
BRDA:262,0,5,-
BRDA:262,0,6,-
BRDA:262,0,7,-
BRDA:262,0,8,-
BRDA:262,0,9,-
BRDA:262,0,10,-
BRDA:262,0,11,-
BRDA:262,0,12,-
BRDA:262,0,13,-
BRDA:262,0,14,-
BRDA:262,0,15,-
DA:263,0
BRDA:263,0,0,-
BRDA:263,0,1,-
DA:268,0
BRDA:268,0,0,-
BRDA:268,0,1,-
BRDA:268,0,2,-
BRDA:268,0,3,-
DA:269,0
BRDA:269,0,0,-
BRDA:269,0,1,-
BRDA:269,0,2,-
BRDA:269,0,3,-
BRDA:269,0,4,-
BRDA:269,0,5,-
BRDA:269,0,6,-
BRDA:269,0,7,-
BRDA:269,0,8,-
BRDA:269,0,9,-
BRDA:269,0,10,-
BRDA:269,0,11,-
BRDA:269,0,12,-
BRDA:269,0,13,-
BRDA:269,0,14,-
BRDA:269,0,15,-
BRDA:269,0,16,-
BRDA:269,0,17,-
BRDA:269,0,18,-
BRDA:269,0,19,-
BRDA:269,0,20,-
BRDA:269,0,21,-
BRDA:269,0,22,-
BRDA:269,0,23,-
BRDA:269,0,24,-
BRDA:269,0,25,-
BRDA:269,0,26,-
BRDA:269,0,27,-
BRDA:269,0,28,-
BRDA:269,0,29,-
DA:270,0
DA:272,0
BRDA:272,0,0,-
BRDA:272,0,1,-
BRDA:272,0,2,-
BRDA:272,0,3,-
BRDA:272,0,4,-
BRDA:272,0,5,-
BRDA:272,0,6,-
BRDA:272,0,7,-
BRDA:272,0,8,-
BRDA:272,0,9,-
BRDA:272,0,10,-
BRDA:272,0,11,-
BRDA:272,0,12,-
BRDA:272,0,13,-
BRDA:272,0,14,-
BRDA:272,0,15,-
DA:273,0
DA:278,0
BRDA:278,0,0,-
BRDA:278,0,1,-
BRDA:278,0,2,-
BRDA:278,0,3,-
DA:279,0
DA:280,0
BRDA:280,0,0,-
BRDA:280,0,1,-
BRDA:280,0,2,-
BRDA:280,0,3,-
BRDA:280,0,4,-
BRDA:280,0,5,-
BRDA:280,0,6,-
BRDA:280,0,7,-
BRDA:280,0,8,-
BRDA:280,0,9,-
BRDA:280,0,10,-
BRDA:280,0,11,-
BRDA:280,0,12,-
BRDA:280,0,13,-
BRDA:280,0,14,-
BRDA:280,0,15,-
DA:281,0
BRDA:281,0,0,-
BRDA:281,0,1,-
DA:285,0
BRDA:285,0,0,-
BRDA:285,0,1,-
BRDA:285,0,2,-
BRDA:285,0,3,-
BRDA:285,0,4,-
BRDA:285,0,5,-
BRDA:285,0,6,-
BRDA:285,0,7,-
BRDA:285,0,8,-
BRDA:285,0,9,-
BRDA:285,0,10,-
BRDA:285,0,11,-
BRDA:285,0,12,-
BRDA:285,0,13,-
BRDA:285,0,14,-
BRDA:285,0,15,-
DA:286,0
BRDA:286,0,0,-
BRDA:286,0,1,-
DA:288,0
DA:289,0
DA:290,0
DA:291,0
DA:293,0
DA:297,0
BRDA:297,0,0,-
BRDA:297,0,1,-
BRDA:297,0,2,-
BRDA:297,0,3,-
DA:298,0
BRDA:298,0,0,-
BRDA:298,0,1,-
BRDA:298,0,2,-
BRDA:298,0,3,-
BRDA:298,0,4,-
BRDA:298,0,5,-
BRDA:298,0,6,-
BRDA:298,0,7,-
BRDA:298,0,8,-
BRDA:298,0,9,-
BRDA:298,0,10,-
BRDA:298,0,11,-
BRDA:298,0,12,-
BRDA:298,0,13,-
BRDA:298,0,14,-
BRDA:298,0,15,-
DA:299,0
BRDA:299,0,0,-
BRDA:299,0,1,-
DA:306,0
DA:308,0
DA:311,0
DA:313,0
BRDA:313,0,0,-
BRDA:313,0,1,-
DA:314,0
DA:316,0
BRDA:316,0,0,-
BRDA:316,0,1,-
BRDA:316,0,2,-
BRDA:316,0,3,-
DA:317,0
DA:320,0
DA:321,0
BRDA:321,0,0,-
BRDA:321,0,1,-
DA:322,0
BRDA:322,0,0,-
BRDA:322,0,1,-
BRDA:322,0,2,-
BRDA:322,0,3,-
DA:323,0
DA:324,0
DA:330,0
DA:333,0
BRDA:333,0,0,-
BRDA:333,0,1,-
DA:334,0
BRDA:334,0,0,-
BRDA:334,0,1,-
DA:335,0
BRDA:335,0,0,-
BRDA:335,0,1,-
DA:336,0
DA:337,0
BRDA:337,0,0,-
BRDA:337,0,1,-
DA:339,0
DA:341,0
DA:342,0
DA:345,0
BRDA:345,0,0,-
BRDA:345,0,1,-
BRDA:345,0,2,-
BRDA:345,0,3,-
BRDA:345,0,4,-
BRDA:345,0,5,-
BRDA:345,0,6,-
BRDA:345,0,7,-
BRDA:345,0,8,-
BRDA:345,0,9,-
BRDA:345,0,10,-
BRDA:345,0,11,-
BRDA:345,0,12,-
BRDA:345,0,13,-
BRDA:345,0,14,-
BRDA:345,0,15,-
BRDA:345,0,16,-
BRDA:345,0,17,-
BRDA:345,0,18,-
BRDA:345,0,19,-
BRDA:345,0,20,-
BRDA:345,0,21,-
BRDA:345,0,22,-
BRDA:345,0,23,-
BRDA:345,0,24,-
BRDA:345,0,25,-
BRDA:345,0,26,-
BRDA:345,0,27,-
BRDA:345,0,28,-
BRDA:345,0,29,-
BRDA:345,0,30,-
BRDA:345,0,31,-
BRDA:345,0,32,-
BRDA:345,0,33,-
BRDA:345,0,34,-
BRDA:345,0,35,-
BRDA:345,0,36,-
BRDA:345,0,37,-
BRDA:345,0,38,-
BRDA:345,0,39,-
BRDA:345,0,40,-
BRDA:345,0,41,-
BRDA:345,0,42,-
BRDA:345,0,43,-
DA:346,0
DA:347,0
DA:349,0
DA:350,0
DA:357,0
DA:365,0
DA:366,0
DA:369,0
BRDA:369,0,0,-
BRDA:369,0,1,-
DA:371,0
DA:372,0
BRDA:372,0,0,-
BRDA:372,0,1,-
DA:373,0
DA:374,0
BRDA:374,0,0,-
BRDA:374,0,1,-
BRDA:374,0,2,-
BRDA:374,0,3,-
BRDA:374,0,4,-
BRDA:374,0,5,-
BRDA:374,0,6,-
BRDA:374,0,7,-
BRDA:374,0,8,-
BRDA:374,0,9,-
BRDA:374,0,10,-
BRDA:374,0,11,-
BRDA:374,0,12,-
BRDA:374,0,13,-
BRDA:374,0,14,-
BRDA:374,0,15,-
BRDA:374,0,16,-
BRDA:374,0,17,-
BRDA:374,0,18,-
BRDA:374,0,19,-
BRDA:374,0,20,-
BRDA:374,0,21,-
BRDA:374,0,22,-
BRDA:374,0,23,-
BRDA:374,0,24,-
BRDA:374,0,25,-
BRDA:374,0,26,-
BRDA:374,0,27,-
BRDA:374,0,28,-
BRDA:374,0,29,-
BRDA:374,0,30,-
BRDA:374,0,31,-
BRDA:374,0,32,-
BRDA:374,0,33,-
BRDA:374,0,34,-
BRDA:374,0,35,-
BRDA:374,0,36,-
BRDA:374,0,37,-
BRDA:374,0,38,-
BRDA:374,0,39,-
BRDA:374,0,40,-
BRDA:374,0,41,-
BRDA:374,0,42,-
BRDA:374,0,43,-
DA:375,0
DA:376,0
DA:377,0
DA:378,0
DA:379,0
DA:383,0
DA:385,0
BRDA:385,0,0,-
BRDA:385,0,1,-
DA:386,0
DA:388,0
DA:391,0
DA:392,0
DA:397,0
BRDA:397,0,0,-
BRDA:397,0,1,-
BRDA:397,0,2,-
BRDA:397,0,3,-
BRDA:397,0,4,-
BRDA:397,0,5,-
BRDA:397,0,6,-
BRDA:397,0,7,-
BRDA:397,0,8,-
BRDA:397,0,9,-
BRDA:397,0,10,-
BRDA:397,0,11,-
BRDA:397,0,12,-
BRDA:397,0,13,-
BRDA:397,0,14,-
BRDA:397,0,15,-
BRDA:397,0,16,-
BRDA:397,0,17,-
BRDA:397,0,18,-
BRDA:397,0,19,-
BRDA:397,0,20,-
BRDA:397,0,21,-
BRDA:397,0,22,-
BRDA:397,0,23,-
BRDA:397,0,24,-
BRDA:397,0,25,-
BRDA:397,0,26,-
BRDA:397,0,27,-
BRDA:397,0,28,-
BRDA:397,0,29,-
BRDA:397,0,30,-
BRDA:397,0,31,-
BRDA:397,0,32,-
BRDA:397,0,33,-
BRDA:397,0,34,-
BRDA:397,0,35,-
BRDA:397,0,36,-
BRDA:397,0,37,-
BRDA:397,0,38,-
BRDA:397,0,39,-
BRDA:397,0,40,-
BRDA:397,0,41,-
BRDA:397,0,42,-
BRDA:397,0,43,-
DA:398,0
DA:400,0
DA:401,0
DA:402,0
DA:405,0
BRDA:405,0,0,-
BRDA:405,0,1,-
DA:406,0
BRDA:406,0,0,-
BRDA:406,0,1,-
DA:407,0
DA:409,0
DA:411,0
DA:412,0
DA:413,0
BRDA:413,0,0,-
BRDA:413,0,1,-
BRDA:413,0,2,-
BRDA:413,0,3,-
BRDA:413,0,4,-
BRDA:413,0,5,-
DA:414,0
BRDA:414,0,0,-
BRDA:414,0,1,-
DA:415,0
DA:417,0
DA:419,0
BRDA:419,0,0,-
BRDA:419,0,1,-
BRDA:419,0,2,-
BRDA:419,0,3,-
DA:420,0
DA:422,0
DA:425,0
BRDA:425,0,0,-
BRDA:425,0,1,-
DA:426,0
DA:427,0
DA:428,0
DA:429,0
DA:430,0
DA:431,0
DA:433,0
DA:436,0
DA:439,0
DA:441,0
BRDA:441,0,0,-
BRDA:441,0,1,-
DA:442,0
DA:443,0
DA:446,0
DA:449,0
DA:453,0
DA:456,0
DA:459,0
DA:461,0
DA:472,0
DA:478,0
DA:481,0
DA:484,0
BRDA:484,0,0,-
BRDA:484,0,1,-
BRDA:484,0,2,-
BRDA:484,0,3,-
DA:485,0
DA:486,0
DA:491,0
BRDA:491,0,0,-
BRDA:491,0,1,-
BRDA:491,0,2,-
BRDA:491,0,3,-
DA:493,0
BRDA:493,0,0,-
BRDA:493,0,1,-
BRDA:493,0,2,-
BRDA:493,0,3,-
BRDA:493,0,4,-
BRDA:493,0,5,-
BRDA:493,0,6,-
BRDA:493,0,7,-
BRDA:493,0,8,-
BRDA:493,0,9,-
BRDA:493,0,10,-
BRDA:493,0,11,-
BRDA:493,0,12,-
BRDA:493,0,13,-
BRDA:493,0,14,-
BRDA:493,0,15,-
BRDA:493,0,16,-
BRDA:493,0,17,-
BRDA:493,0,18,-
BRDA:493,0,19,-
BRDA:493,0,20,-
BRDA:493,0,21,-
BRDA:493,0,22,-
BRDA:493,0,23,-
BRDA:493,0,24,-
BRDA:493,0,25,-
BRDA:493,0,26,-
BRDA:493,0,27,-
BRDA:493,0,28,-
BRDA:493,0,29,-
DA:494,0
DA:495,0
DA:498,0
DA:501,0
DA:509,0
DA:515,0
DA:516,0
DA:519,0
BRDA:519,0,0,-
BRDA:519,0,1,-
BRDA:519,0,2,-
BRDA:519,0,3,-
DA:524,0
DA:526,0
DA:532,0
DA:533,0
DA:535,0
BRDA:535,0,0,-
BRDA:535,0,1,-
DA:536,0
DA:540,0
DA:543,0
BRDA:543,0,0,-
BRDA:543,0,1,-
BRDA:543,0,2,-
BRDA:543,0,3,-
DA:544,0
DA:548,0
DA:556,0
DA:565,0
DA:572,0
BRDA:572,0,0,-
BRDA:572,0,1,-
DA:576,0
DA:578,0
DA:582,0
DA:583,0
BRDA:583,0,0,-
BRDA:583,0,1,-
DA:587,0
DA:588,0
DA:598,0
DA:610,0
DA:617,0
BRDA:617,0,0,-
BRDA:617,0,1,-
DA:618,0
BRDA:618,0,0,-
BRDA:618,0,1,-
BRDA:618,0,2,-
BRDA:618,0,3,-
BRDA:618,0,4,-
BRDA:618,0,5,-
DA:621,0
DA:623,0
BRDA:623,0,0,-
BRDA:623,0,1,-
DA:624,0
DA:625,0
DA:627,0
DA:628,0
DA:629,0
DA:631,0
DA:632,0
DA:634,0
DA:635,0
DA:640,0
BRDA:640,0,0,-
BRDA:640,0,1,-
DA:641,0
BRDA:641,0,0,-
BRDA:641,0,1,-
BRDA:641,0,2,-
BRDA:641,0,3,-
BRDA:641,0,4,-
BRDA:641,0,5,-
DA:642,0
BRDA:642,0,0,-
BRDA:642,0,1,-
DA:646,0
DA:648,0
BRDA:648,0,0,-
BRDA:648,0,1,-
DA:649,0
DA:650,0
DA:652,0
DA:653,0
DA:654,0
DA:656,0
DA:657,0
DA:659,0
DA:660,0
DA:666,0
DA:670,0
DA:683,0
BRDA:683,0,0,-
BRDA:683,0,1,-
BRDA:683,0,2,-
BRDA:683,0,3,-
BRDA:683,0,4,-
BRDA:683,0,5,-
BRDA:683,0,6,-
BRDA:683,0,7,-
BRDA:683,0,8,-
BRDA:683,0,9,-
BRDA:683,0,10,-
BRDA:683,0,11,-
BRDA:683,0,12,-
BRDA:683,0,13,-
BRDA:683,0,14,-
BRDA:683,0,15,-
BRDA:683,0,16,-
BRDA:683,0,17,-
BRDA:683,0,18,-
BRDA:683,0,19,-
BRDA:683,0,20,-
BRDA:683,0,21,-
BRDA:683,0,22,-
BRDA:683,0,23,-
BRDA:683,0,24,-
BRDA:683,0,25,-
BRDA:683,0,26,-
BRDA:683,0,27,-
BRDA:683,0,28,-
BRDA:683,0,29,-
DA:685,0
BRDA:685,0,0,-
BRDA:685,0,1,-
DA:687,0
DA:689,0
BRDA:689,0,0,-
BRDA:689,0,1,-
DA:690,0
DA:691,0
DA:693,0
DA:694,0
DA:696,0
DA:697,0
DA:699,0
DA:700,0
DA:701,0
DA:702,0
DA:705,0
BRDA:705,0,0,-
BRDA:705,0,1,-
DA:707,0
BRDA:707,0,0,-
BRDA:707,0,1,-
BRDA:707,0,2,-
BRDA:707,0,3,-
BRDA:707,0,4,-
BRDA:707,0,5,-
BRDA:707,0,6,-
BRDA:707,0,7,-
BRDA:707,0,8,-
BRDA:707,0,9,-
BRDA:707,0,10,-
BRDA:707,0,11,-
BRDA:707,0,12,-
BRDA:707,0,13,-
BRDA:707,0,14,-
BRDA:707,0,15,-
BRDA:707,0,16,-
BRDA:707,0,17,-
BRDA:707,0,18,-
BRDA:707,0,19,-
BRDA:707,0,20,-
BRDA:707,0,21,-
BRDA:707,0,22,-
BRDA:707,0,23,-
BRDA:707,0,24,-
BRDA:707,0,25,-
BRDA:707,0,26,-
BRDA:707,0,27,-
BRDA:707,0,28,-
BRDA:707,0,29,-
DA:708,0
BRDA:708,0,0,-
BRDA:708,0,1,-
DA:709,0
DA:710,0
DA:711,0
DA:715,0
DA:716,0
DA:719,0
DA:721,0
DA:725,0
DA:730,0
DA:732,0
DA:733,0
DA:734,0
DA:736,0
DA:741,1
DA:749,1
DA:751,1
DA:753,1
DA:754,1
DA:755,1
DA:756,1
DA:757,1
DA:758,1
DA:759,1
DA:760,1
DA:761,1
DA:762,1
DA:763,1
DA:764,1
DA:765,1
DA:767,1
DA:769,1
BRDA:769,0,0,1
BRDA:769,0,1,0
DA:770,1
BRDA:770,0,0,0
BRDA:770,0,1,1
DA:771,0
DA:773,1
DA:774,1
DA:776,1
DA:777,1
DA:779,1
DA:781,1
DA:782,1
DA:783,1
DA:784,1
DA:785,1
DA:786,1
DA:789,1
DA:792,1
DA:793,1
DA:794,1
DA:797,1
DA:798,1
DA:799,1
DA:801,1
DA:802,1
BRDA:802,0,0,1
BRDA:802,0,1,0
DA:803,1
DA:804,1
DA:805,1
DA:808,1
DA:813,0
DA:815,0
BRDA:815,0,0,-
BRDA:815,0,1,-
DA:816,0
DA:818,0
DA:823,0
DA:830,0
DA:832,0
BRDA:832,0,0,-
BRDA:832,0,1,-
DA:833,0
DA:835,0
DA:837,0
BRDA:837,0,0,-
BRDA:837,0,1,-
BRDA:837,0,2,-
BRDA:837,0,3,-
DA:838,0
DA:839,0
DA:840,0
BRDA:840,0,0,-
BRDA:840,0,1,-
BRDA:840,0,2,-
BRDA:840,0,3,-
BRDA:840,0,4,-
BRDA:840,0,5,-
BRDA:840,0,6,-
BRDA:840,0,7,-
BRDA:840,0,8,-
BRDA:840,0,9,-
BRDA:840,0,10,-
BRDA:840,0,11,-
BRDA:840,0,12,-
BRDA:840,0,13,-
BRDA:840,0,14,-
BRDA:840,0,15,-
DA:841,0
BRDA:841,0,0,-
BRDA:841,0,1,-
DA:844,0
BRDA:844,0,0,-
BRDA:844,0,1,-
DA:845,0
DA:846,0
DA:848,0
DA:850,0
BRDA:850,0,0,-
BRDA:850,0,1,-
DA:851,0
DA:853,0
DA:855,0
BRDA:855,0,0,-
BRDA:855,0,1,-
BRDA:855,0,2,-
BRDA:855,0,3,-
DA:856,0
DA:857,0
BRDA:857,0,0,-
BRDA:857,0,1,-
DA:858,0
DA:859,0
DA:862,0
BRDA:862,0,0,-
BRDA:862,0,1,-
BRDA:862,0,2,-
BRDA:862,0,3,-
DA:863,0
BRDA:863,0,0,-
BRDA:863,0,1,-
BRDA:863,0,2,-
BRDA:863,0,3,-
BRDA:863,0,4,-
BRDA:863,0,5,-
BRDA:863,0,6,-
BRDA:863,0,7,-
BRDA:863,0,8,-
BRDA:863,0,9,-
BRDA:863,0,10,-
BRDA:863,0,11,-
BRDA:863,0,12,-
BRDA:863,0,13,-
BRDA:863,0,14,-
BRDA:863,0,15,-
DA:864,0
BRDA:864,0,0,-
BRDA:864,0,1,-
DA:866,0
BRDA:866,0,0,-
BRDA:866,0,1,-
BRDA:866,0,2,-
BRDA:866,0,3,-
BRDA:866,0,4,-
BRDA:866,0,5,-
BRDA:866,0,6,-
BRDA:866,0,7,-
BRDA:866,0,8,-
BRDA:866,0,9,-
BRDA:866,0,10,-
BRDA:866,0,11,-
BRDA:866,0,12,-
BRDA:866,0,13,-
BRDA:866,0,14,-
BRDA:866,0,15,-
DA:867,0
BRDA:867,0,0,-
BRDA:867,0,1,-
DA:870,0
BRDA:870,0,0,-
BRDA:870,0,1,-
BRDA:870,0,2,-
BRDA:870,0,3,-
DA:871,0
BRDA:871,0,0,-
BRDA:871,0,1,-
BRDA:871,0,2,-
BRDA:871,0,3,-
BRDA:871,0,4,-
BRDA:871,0,5,-
BRDA:871,0,6,-
BRDA:871,0,7,-
BRDA:871,0,8,-
BRDA:871,0,9,-
BRDA:871,0,10,-
BRDA:871,0,11,-
BRDA:871,0,12,-
BRDA:871,0,13,-
BRDA:871,0,14,-
BRDA:871,0,15,-
DA:872,0
BRDA:872,0,0,-
BRDA:872,0,1,-
DA:873,0
DA:875,0
BRDA:875,0,0,-
BRDA:875,0,1,-
DA:878,0
BRDA:878,0,0,-
BRDA:878,0,1,-
DA:879,0
DA:883,0
DA:885,0
DA:891,0
BRDA:891,0,0,-
BRDA:891,0,1,-
BRDA:891,0,2,-
BRDA:891,0,3,-
BRDA:891,0,4,-
BRDA:891,0,5,-
BRDA:891,0,6,-
BRDA:891,0,7,-
BRDA:891,0,8,-
BRDA:891,0,9,-
BRDA:891,0,10,-
BRDA:891,0,11,-
BRDA:891,0,12,-
BRDA:891,0,13,-
BRDA:891,0,14,-
BRDA:891,0,15,-
BRDA:891,0,16,-
BRDA:891,0,17,-
BRDA:891,0,18,-
BRDA:891,0,19,-
BRDA:891,0,20,-
BRDA:891,0,21,-
BRDA:891,0,22,-
BRDA:891,0,23,-
BRDA:891,0,24,-
BRDA:891,0,25,-
BRDA:891,0,26,-
BRDA:891,0,27,-
BRDA:891,0,28,-
BRDA:891,0,29,-
DA:892,0
BRDA:892,0,0,-
BRDA:892,0,1,-
DA:894,0
DA:895,0
BRDA:895,0,0,-
BRDA:895,0,1,-
DA:896,0
DA:897,0
DA:898,0
DA:899,0
BRDA:899,0,0,-
BRDA:899,0,1,-
BRDA:899,0,2,-
BRDA:899,0,3,-
BRDA:899,0,4,-
BRDA:899,0,5,-
BRDA:899,0,6,-
BRDA:899,0,7,-
BRDA:899,0,8,-
BRDA:899,0,9,-
BRDA:899,0,10,-
BRDA:899,0,11,-
BRDA:899,0,12,-
BRDA:899,0,13,-
BRDA:899,0,14,-
BRDA:899,0,15,-
BRDA:899,0,16,-
BRDA:899,0,17,-
BRDA:899,0,18,-
BRDA:899,0,19,-
BRDA:899,0,20,-
BRDA:899,0,21,-
BRDA:899,0,22,-
BRDA:899,0,23,-
BRDA:899,0,24,-
BRDA:899,0,25,-
BRDA:899,0,26,-
BRDA:899,0,27,-
BRDA:899,0,28,-
BRDA:899,0,29,-
BRDA:899,0,30,-
BRDA:899,0,31,-
BRDA:899,0,32,-
BRDA:899,0,33,-
BRDA:899,0,34,-
BRDA:899,0,35,-
BRDA:899,0,36,-
BRDA:899,0,37,-
BRDA:899,0,38,-
BRDA:899,0,39,-
BRDA:899,0,40,-
BRDA:899,0,41,-
BRDA:899,0,42,-
BRDA:899,0,43,-
DA:902,0
DA:903,0
DA:906,0
DA:914,0
DA:917,0
DA:926,0
DA:928,0
DA:930,0
BRDA:930,0,0,-
BRDA:930,0,1,-
DA:933,0
BRDA:933,0,0,-
BRDA:933,0,1,-
DA:934,0
DA:936,0
DA:939,0
BRDA:939,0,0,-
BRDA:939,0,1,-
BRDA:939,0,2,-
BRDA:939,0,3,-
DA:941,0
BRDA:941,0,0,-
BRDA:941,0,1,-
DA:942,0
DA:945,0
DA:948,0
BRDA:948,0,0,-
BRDA:948,0,1,-
BRDA:948,0,2,-
BRDA:948,0,3,-
DA:950,0
BRDA:950,0,0,-
BRDA:950,0,1,-
BRDA:950,0,2,-
BRDA:950,0,3,-
BRDA:950,0,4,-
BRDA:950,0,5,-
BRDA:950,0,6,-
BRDA:950,0,7,-
BRDA:950,0,8,-
BRDA:950,0,9,-
BRDA:950,0,10,-
BRDA:950,0,11,-
BRDA:950,0,12,-
BRDA:950,0,13,-
BRDA:950,0,14,-
BRDA:950,0,15,-
BRDA:950,0,16,-
BRDA:950,0,17,-
BRDA:950,0,18,-
BRDA:950,0,19,-
BRDA:950,0,20,-
BRDA:950,0,21,-
BRDA:950,0,22,-
BRDA:950,0,23,-
BRDA:950,0,24,-
BRDA:950,0,25,-
BRDA:950,0,26,-
BRDA:950,0,27,-
BRDA:950,0,28,-
BRDA:950,0,29,-
DA:951,0
BRDA:951,0,0,-
BRDA:951,0,1,-
DA:952,0
BRDA:952,0,0,-
BRDA:952,0,1,-
DA:953,0
DA:956,0
DA:957,0
DA:960,0
DA:962,0
DA:964,0
DA:966,0
DA:969,0
DA:974,0
DA:980,0
DA:983,0
DA:985,0
DA:992,0
DA:996,0
DA:998,0
BRDA:998,0,0,-
BRDA:998,0,1,-
DA:1000,0
DA:1003,0
BRDA:1003,0,0,-
BRDA:1003,0,1,-
BRDA:1003,0,2,-
DA:1006,0
DA:1009,0
DA:1010,0
DA:1011,0
DA:1013,0
BRDA:1013,0,0,-
BRDA:1013,0,1,-
BRDA:1013,0,2,-
BRDA:1013,0,3,-
BRDA:1013,0,4,-
BRDA:1013,0,5,-
BRDA:1013,0,6,-
BRDA:1013,0,7,-
BRDA:1013,0,8,-
BRDA:1013,0,9,-
BRDA:1013,0,10,-
BRDA:1013,0,11,-
BRDA:1013,0,12,-
BRDA:1013,0,13,-
BRDA:1013,0,14,-
BRDA:1013,0,15,-
BRDA:1013,0,16,-
BRDA:1013,0,17,-
BRDA:1013,0,18,-
BRDA:1013,0,19,-
BRDA:1013,0,20,-
BRDA:1013,0,21,-
BRDA:1013,0,22,-
BRDA:1013,0,23,-
BRDA:1013,0,24,-
BRDA:1013,0,25,-
BRDA:1013,0,26,-
BRDA:1013,0,27,-
BRDA:1013,0,28,-
BRDA:1013,0,29,-
DA:1014,0
BRDA:1014,0,0,-
BRDA:1014,0,1,-
DA:1015,0
DA:1018,0
DA:1019,0
DA:1023,0
DA:1025,0
DA:1027,0
DA:1029,0
DA:1030,0
DA:1032,0
DA:1033,0
DA:1034,0
DA:1038,0
DA:1044,0
DA:1059,0
DA:1060,0
DA:1063,0
BRDA:1063,0,0,-
BRDA:1063,0,1,-
BRDA:1063,0,2,-
BRDA:1063,0,3,-
BRDA:1063,0,4,-
BRDA:1063,0,5,-
BRDA:1063,0,6,-
BRDA:1063,0,7,-
BRDA:1063,0,8,-
BRDA:1063,0,9,-
BRDA:1063,0,10,-
BRDA:1063,0,11,-
BRDA:1063,0,12,-
BRDA:1063,0,13,-
BRDA:1063,0,14,-
BRDA:1063,0,15,-
BRDA:1063,0,16,-
BRDA:1063,0,17,-
BRDA:1063,0,18,-
BRDA:1063,0,19,-
BRDA:1063,0,20,-
BRDA:1063,0,21,-
BRDA:1063,0,22,-
BRDA:1063,0,23,-
BRDA:1063,0,24,-
BRDA:1063,0,25,-
BRDA:1063,0,26,-
BRDA:1063,0,27,-
BRDA:1063,0,28,-
BRDA:1063,0,29,-
DA:1066,0
BRDA:1066,0,0,-
BRDA:1066,0,1,-
DA:1067,0
BRDA:1067,0,0,-
BRDA:1067,0,1,-
BRDA:1067,0,2,-
BRDA:1067,0,3,-
BRDA:1067,0,4,-
BRDA:1067,0,5,-
DA:1068,0
BRDA:1068,0,0,-
BRDA:1068,0,1,-
DA:1069,0
DA:1070,0
BRDA:1070,0,0,-
BRDA:1070,0,1,-
BRDA:1070,0,2,-
BRDA:1070,0,3,-
BRDA:1070,0,4,-
BRDA:1070,0,5,-
BRDA:1070,0,6,-
BRDA:1070,0,7,-
BRDA:1070,0,8,-
BRDA:1070,0,9,-
BRDA:1070,0,10,-
BRDA:1070,0,11,-
BRDA:1070,0,12,-
BRDA:1070,0,13,-
BRDA:1070,0,14,-
BRDA:1070,0,15,-
DA:1071,0
DA:1072,0
BRDA:1072,0,0,-
BRDA:1072,0,1,-
BRDA:1072,0,2,-
BRDA:1072,0,3,-
BRDA:1072,0,4,-
BRDA:1072,0,5,-
BRDA:1072,0,6,-
BRDA:1072,0,7,-
BRDA:1072,0,8,-
BRDA:1072,0,9,-
BRDA:1072,0,10,-
BRDA:1072,0,11,-
BRDA:1072,0,12,-
BRDA:1072,0,13,-
BRDA:1072,0,14,-
BRDA:1072,0,15,-
BRDA:1072,0,16,-
BRDA:1072,0,17,-
BRDA:1072,0,18,-
BRDA:1072,0,19,-
BRDA:1072,0,20,-
BRDA:1072,0,21,-
BRDA:1072,0,22,-
BRDA:1072,0,23,-
BRDA:1072,0,24,-
BRDA:1072,0,25,-
BRDA:1072,0,26,-
BRDA:1072,0,27,-
BRDA:1072,0,28,-
BRDA:1072,0,29,-
BRDA:1072,0,30,-
BRDA:1072,0,31,-
BRDA:1072,0,32,-
BRDA:1072,0,33,-
BRDA:1072,0,34,-
BRDA:1072,0,35,-
BRDA:1072,0,36,-
BRDA:1072,0,37,-
BRDA:1072,0,38,-
BRDA:1072,0,39,-
BRDA:1072,0,40,-
BRDA:1072,0,41,-
BRDA:1072,0,42,-
BRDA:1072,0,43,-
DA:1073,0
DA:1078,0
BRDA:1078,0,0,-
BRDA:1078,0,1,-
DA:1080,0
BRDA:1080,0,0,-
BRDA:1080,0,1,-
DA:1081,0
BRDA:1081,0,0,-
BRDA:1081,0,1,-
DA:1082,0
DA:1083,0
DA:1084,0
DA:1085,0
DA:1086,0
DA:1087,0
DA:1088,0
DA:1089,0
DA:1090,0
DA:1092,0
BRDA:1092,0,0,-
BRDA:1092,0,1,-
DA:1093,0
DA:1095,0
DA:1098,0
DA:1101,0
BRDA:1101,0,0,-
BRDA:1101,0,1,-
BRDA:1101,0,2,-
BRDA:1101,0,3,-
DA:1102,0
DA:1104,0
BRDA:1104,0,0,-
BRDA:1104,0,1,-
BRDA:1104,0,2,-
BRDA:1104,0,3,-
BRDA:1104,0,4,-
BRDA:1104,0,5,-
BRDA:1104,0,6,-
BRDA:1104,0,7,-
BRDA:1104,0,8,-
BRDA:1104,0,9,-
BRDA:1104,0,10,-
BRDA:1104,0,11,-
BRDA:1104,0,12,-
BRDA:1104,0,13,-
BRDA:1104,0,14,-
BRDA:1104,0,15,-
BRDA:1104,0,16,-
BRDA:1104,0,17,-
BRDA:1104,0,18,-
BRDA:1104,0,19,-
BRDA:1104,0,20,-
BRDA:1104,0,21,-
BRDA:1104,0,22,-
BRDA:1104,0,23,-
BRDA:1104,0,24,-
BRDA:1104,0,25,-
BRDA:1104,0,26,-
BRDA:1104,0,27,-
BRDA:1104,0,28,-
BRDA:1104,0,29,-
BRDA:1104,0,30,-
BRDA:1104,0,31,-
BRDA:1104,0,32,-
BRDA:1104,0,33,-
BRDA:1104,0,34,-
BRDA:1104,0,35,-
BRDA:1104,0,36,-
BRDA:1104,0,37,-
BRDA:1104,0,38,-
BRDA:1104,0,39,-
BRDA:1104,0,40,-
BRDA:1104,0,41,-
BRDA:1104,0,42,-
BRDA:1104,0,43,-
DA:1106,0
DA:1107,0
DA:1110,0
DA:1112,0
DA:1113,0
DA:1117,0
BRDA:1117,0,0,-
BRDA:1117,0,1,-
DA:1118,0
BRDA:1118,0,0,-
BRDA:1118,0,1,-
DA:1119,0
DA:1120,0
DA:1121,0
DA:1122,0
DA:1123,0
DA:1124,0
DA:1126,0
BRDA:1126,0,0,-
BRDA:1126,0,1,-
DA:1127,0
DA:1129,0
DA:1131,0
DA:1132,0
DA:1134,0
DA:1136,0
DA:1138,0
DA:1139,0
DA:1142,0
DA:1145,0
DA:1146,0
DA:1150,0
BRDA:1150,0,0,-
BRDA:1150,0,1,-
BRDA:1150,0,2,-
BRDA:1150,0,3,-
DA:1151,0
DA:1154,0
DA:1159,0
DA:1161,0
DA:1165,0
BRDA:1165,0,0,-
BRDA:1165,0,1,-
BRDA:1165,0,2,-
BRDA:1165,0,3,-
BRDA:1165,0,4,-
BRDA:1165,0,5,-
DA:1166,0
BRDA:1166,0,0,-
BRDA:1166,0,1,-
DA:1167,0
DA:1169,0
BRDA:1169,0,0,-
BRDA:1169,0,1,-
DA:1170,0
DA:1171,0
DA:1175,0
DA:1179,0
DA:1181,0
DA:1182,0
DA:1184,0
DA:1189,0
DA:1191,0
DA:1192,0
DA:1194,0
DA:1195,0
DA:1196,0
DA:1199,0
BRDA:1199,0,0,-
BRDA:1199,0,1,-
BRDA:1199,0,2,-
BRDA:1199,0,3,-
BRDA:1199,0,4,-
BRDA:1199,0,5,-
BRDA:1199,0,6,-
BRDA:1199,0,7,-
BRDA:1199,0,8,-
BRDA:1199,0,9,-
BRDA:1199,0,10,-
BRDA:1199,0,11,-
BRDA:1199,0,12,-
BRDA:1199,0,13,-
BRDA:1199,0,14,-
BRDA:1199,0,15,-
BRDA:1199,0,16,-
BRDA:1199,0,17,-
BRDA:1199,0,18,-
BRDA:1199,0,19,-
BRDA:1199,0,20,-
BRDA:1199,0,21,-
BRDA:1199,0,22,-
BRDA:1199,0,23,-
BRDA:1199,0,24,-
BRDA:1199,0,25,-
BRDA:1199,0,26,-
BRDA:1199,0,27,-
BRDA:1199,0,28,-
BRDA:1199,0,29,-
BRDA:1199,0,30,-
BRDA:1199,0,31,-
BRDA:1199,0,32,-
BRDA:1199,0,33,-
BRDA:1199,0,34,-
BRDA:1199,0,35,-
BRDA:1199,0,36,-
BRDA:1199,0,37,-
BRDA:1199,0,38,-
BRDA:1199,0,39,-
BRDA:1199,0,40,-
BRDA:1199,0,41,-
BRDA:1199,0,42,-
BRDA:1199,0,43,-
BRDA:1199,0,44,-
BRDA:1199,0,45,-
BRDA:1199,0,46,-
BRDA:1199,0,47,-
BRDA:1199,0,48,-
BRDA:1199,0,49,-
DA:1202,0
DA:1203,0
BRDA:1203,0,0,-
BRDA:1203,0,1,-
DA:1204,0
BRDA:1204,0,0,-
BRDA:1204,0,1,-
DA:1205,0
DA:1208,0
DA:1211,0
BRDA:1211,0,0,-
BRDA:1211,0,1,-
DA:1212,0
DA:1213,0
DA:1214,0
BRDA:1214,0,0,-
BRDA:1214,0,1,-
DA:1215,0
DA:1219,0
BRDA:1219,0,0,-
BRDA:1219,0,1,-
DA:1220,0
BRDA:1220,0,0,-
BRDA:1220,0,1,-
DA:1221,0
DA:1222,0
DA:1223,0
BRDA:1223,0,0,-
BRDA:1223,0,1,-
DA:1224,0
DA:1229,0
BRDA:1229,0,0,-
BRDA:1229,0,1,-
DA:1230,0
DA:1231,0
DA:1233,0
DA:1234,0
DA:1240,0
DA:1246,0
DA:1248,0
BRDA:1248,0,0,-
BRDA:1248,0,1,-
BRDA:1248,0,2,-
BRDA:1248,0,3,-
BRDA:1248,0,4,-
BRDA:1248,0,5,-
DA:1249,0
BRDA:1249,0,0,-
BRDA:1249,0,1,-
DA:1250,0
DA:1252,0
BRDA:1252,0,0,-
BRDA:1252,0,1,-
DA:1253,0
DA:1255,0
BRDA:1255,0,0,-
BRDA:1255,0,1,-
DA:1256,0
BRDA:1256,0,0,-
BRDA:1256,0,1,-
DA:1257,0
DA:1258,0
DA:1262,0
DA:1267,0
DA:1275,0
DA:1277,0
DA:1278,0
DA:1279,0
DA:1282,0
DA:1283,0
DA:1286,0
DA:1287,0
BRDA:1287,0,0,-
BRDA:1287,0,1,-
DA:1288,0
DA:1289,0
BRDA:1289,0,0,-
BRDA:1289,0,1,-
DA:1290,0
DA:1294,0
BRDA:1294,0,0,-
BRDA:1294,0,1,-
DA:1295,0
BRDA:1295,0,0,-
BRDA:1295,0,1,-
DA:1296,0
DA:1297,0
BRDA:1297,0,0,-
BRDA:1297,0,1,-
DA:1298,0
DA:1303,0
BRDA:1303,0,0,-
BRDA:1303,0,1,-
DA:1304,0
DA:1305,0
DA:1306,0
DA:1307,0
DA:1308,0
DA:1309,0
DA:1310,0
DA:1311,0
DA:1313,0
DA:1314,0
DA:1315,0
DA:1316,0
DA:1317,0
DA:1327,0
DA:1331,0
DA:1333,0
BRDA:1333,0,0,-
BRDA:1333,0,1,-
DA:1334,0
DA:1337,0
BRDA:1337,0,0,-
BRDA:1337,0,1,-
BRDA:1337,0,2,-
BRDA:1337,0,3,-
BRDA:1337,0,4,-
BRDA:1337,0,5,-
BRDA:1337,0,6,-
BRDA:1337,0,7,-
BRDA:1337,0,8,-
BRDA:1337,0,9,-
BRDA:1337,0,10,-
BRDA:1337,0,11,-
BRDA:1337,0,12,-
BRDA:1337,0,13,-
BRDA:1337,0,14,-
BRDA:1337,0,15,-
BRDA:1337,0,16,-
BRDA:1337,0,17,-
BRDA:1337,0,18,-
BRDA:1337,0,19,-
BRDA:1337,0,20,-
BRDA:1337,0,21,-
BRDA:1337,0,22,-
BRDA:1337,0,23,-
BRDA:1337,0,24,-
BRDA:1337,0,25,-
BRDA:1337,0,26,-
BRDA:1337,0,27,-
BRDA:1337,0,28,-
BRDA:1337,0,29,-
DA:1339,0
BRDA:1339,0,0,-
BRDA:1339,0,1,-
DA:1342,0
DA:1347,0
DA:1351,0
DA:1356,0
BRDA:1356,0,0,-
BRDA:1356,0,1,-
DA:1357,0
BRDA:1357,0,0,-
BRDA:1357,0,1,-
DA:1358,0
DA:1362,0
DA:1366,0
BRDA:1366,0,0,-
BRDA:1366,0,1,-
DA:1367,0
BRDA:1367,0,0,-
BRDA:1367,0,1,-
BRDA:1367,0,2,-
BRDA:1367,0,3,-
BRDA:1367,0,4,-
BRDA:1367,0,5,-
DA:1369,0
DA:1371,0
BRDA:1371,0,0,-
BRDA:1371,0,1,-
DA:1372,0
BRDA:1372,0,0,-
BRDA:1372,0,1,-
DA:1373,0
DA:1378,0
DA:1385,0
DA:1386,0
DA:1388,0
DA:1389,0
DA:1390,0
DA:1391,0
DA:1393,0
DA:1394,0
DA:1396,0
DA:1397,0
DA:1398,0
DA:1400,0
DA:1402,0
DA:1403,0
DA:1405,0
DA:1406,0
DA:1408,0
DA:1409,0
DA:1411,0
DA:1415,0
DA:1419,0
DA:1423,0
DA:1429,0
DA:1430,0
DA:1432,0
BRDA:1432,0,0,-
BRDA:1432,0,1,-
DA:1433,0
DA:1436,0
DA:1438,0
BRDA:1438,0,0,-
BRDA:1438,0,1,-
BRDA:1438,0,2,-
BRDA:1438,0,3,-
BRDA:1438,0,4,-
BRDA:1438,0,5,-
DA:1440,0
BRDA:1440,0,0,-
BRDA:1440,0,1,-
DA:1441,0
DA:1444,0
DA:1447,0
BRDA:1447,0,0,-
BRDA:1447,0,1,-
BRDA:1447,0,2,-
BRDA:1447,0,3,-
BRDA:1447,0,4,-
BRDA:1447,0,5,-
DA:1448,0
BRDA:1448,0,0,-
BRDA:1448,0,1,-
DA:1449,0
BRDA:1449,0,0,-
BRDA:1449,0,1,-
BRDA:1449,0,2,-
BRDA:1449,0,3,-
BRDA:1449,0,4,-
BRDA:1449,0,5,-
BRDA:1449,0,6,-
BRDA:1449,0,7,-
BRDA:1449,0,8,-
BRDA:1449,0,9,-
BRDA:1449,0,10,-
BRDA:1449,0,11,-
BRDA:1449,0,12,-
BRDA:1449,0,13,-
BRDA:1449,0,14,-
BRDA:1449,0,15,-
DA:1450,0
DA:1451,0
DA:1455,0
BRDA:1455,0,0,-
BRDA:1455,0,1,-
BRDA:1455,0,2,-
BRDA:1455,0,3,-
DA:1456,0
DA:1457,0
BRDA:1457,0,0,-
BRDA:1457,0,1,-
DA:1459,0
DA:1460,0
DA:1461,0
DA:1462,0
DA:1465,0
BRDA:1465,0,0,-
BRDA:1465,0,1,-
BRDA:1465,0,2,-
BRDA:1465,0,3,-
DA:1466,0
BRDA:1466,0,0,-
BRDA:1466,0,1,-
BRDA:1466,0,2,-
BRDA:1466,0,3,-
BRDA:1466,0,4,-
BRDA:1466,0,5,-
BRDA:1466,0,6,-
BRDA:1466,0,7,-
BRDA:1466,0,8,-
BRDA:1466,0,9,-
BRDA:1466,0,10,-
BRDA:1466,0,11,-
BRDA:1466,0,12,-
BRDA:1466,0,13,-
BRDA:1466,0,14,-
BRDA:1466,0,15,-
DA:1467,0
BRDA:1467,0,0,-
BRDA:1467,0,1,-
DA:1469,0
BRDA:1469,0,0,-
BRDA:1469,0,1,-
BRDA:1469,0,2,-
BRDA:1469,0,3,-
BRDA:1469,0,4,-
BRDA:1469,0,5,-
BRDA:1469,0,6,-
BRDA:1469,0,7,-
BRDA:1469,0,8,-
BRDA:1469,0,9,-
BRDA:1469,0,10,-
BRDA:1469,0,11,-
BRDA:1469,0,12,-
BRDA:1469,0,13,-
BRDA:1469,0,14,-
BRDA:1469,0,15,-
DA:1470,0
DA:1473,0
DA:1475,0
DA:1478,0
DA:1482,0
DA:1486,0
DA:1490,0
DA:1496,0
BRDA:1496,0,0,-
BRDA:1496,0,1,-
DA:1497,0
DA:1502,0
BRDA:1502,0,0,-
BRDA:1502,0,1,-
BRDA:1502,0,2,-
BRDA:1502,0,3,-
BRDA:1502,0,4,-
BRDA:1502,0,5,-
BRDA:1502,0,6,-
BRDA:1502,0,7,-
BRDA:1502,0,8,-
BRDA:1502,0,9,-
BRDA:1502,0,10,-
BRDA:1502,0,11,-
BRDA:1502,0,12,-
BRDA:1502,0,13,-
BRDA:1502,0,14,-
BRDA:1502,0,15,-
BRDA:1502,0,16,-
BRDA:1502,0,17,-
BRDA:1502,0,18,-
BRDA:1502,0,19,-
BRDA:1502,0,20,-
BRDA:1502,0,21,-
BRDA:1502,0,22,-
BRDA:1502,0,23,-
BRDA:1502,0,24,-
BRDA:1502,0,25,-
BRDA:1502,0,26,-
BRDA:1502,0,27,-
BRDA:1502,0,28,-
BRDA:1502,0,29,-
BRDA:1502,0,30,-
BRDA:1502,0,31,-
BRDA:1502,0,32,-
BRDA:1502,0,33,-
BRDA:1502,0,34,-
BRDA:1502,0,35,-
BRDA:1502,0,36,-
BRDA:1502,0,37,-
BRDA:1502,0,38,-
BRDA:1502,0,39,-
BRDA:1502,0,40,-
BRDA:1502,0,41,-
BRDA:1502,0,42,-
BRDA:1502,0,43,-
BRDA:1502,0,44,-
BRDA:1502,0,45,-
BRDA:1502,0,46,-
BRDA:1502,0,47,-
BRDA:1502,0,48,-
BRDA:1502,0,49,-
DA:1506,0
BRDA:1506,0,0,-
BRDA:1506,0,1,-
BRDA:1506,0,2,-
BRDA:1506,0,3,-
DA:1507,0
BRDA:1507,0,0,-
BRDA:1507,0,1,-
DA:1510,0
DA:1512,0
DA:1516,0
DA:1523,0
DA:1524,0
DA:1525,0
DA:1526,0
DA:1532,0
DA:1534,0
DA:1537,0
DA:1540,0
BRDA:1540,0,0,-
BRDA:1540,0,1,-
BRDA:1540,0,2,-
BRDA:1540,0,3,-
DA:1541,0
DA:1546,0
DA:1547,0
DA:1550,0
BRDA:1550,0,0,-
BRDA:1550,0,1,-
DA:1551,0
BRDA:1551,0,0,-
BRDA:1551,0,1,-
DA:1552,0
DA:1554,0
DA:1555,0
DA:1557,0
DA:1559,0
BRDA:1559,0,0,-
BRDA:1559,0,1,-
DA:1560,0
DA:1562,0
DA:1563,0
DA:1565,0
DA:1567,0
DA:1568,0
DA:1571,0
BRDA:1571,0,0,-
BRDA:1571,0,1,-
BRDA:1571,0,2,-
BRDA:1571,0,3,-
BRDA:1571,0,4,-
BRDA:1571,0,5,-
DA:1573,0
DA:1574,0
DA:1579,0
DA:1581,0
DA:1583,0
BRDA:1583,0,0,-
BRDA:1583,0,1,-
BRDA:1583,0,2,-
BRDA:1583,0,3,-
BRDA:1583,0,4,-
BRDA:1583,0,5,-
DA:1584,0
BRDA:1584,0,0,-
BRDA:1584,0,1,-
DA:1585,0
DA:1587,0
DA:1588,0
BRDA:1588,0,0,-
BRDA:1588,0,1,-
DA:1590,0
DA:1592,0
BRDA:1592,0,0,-
BRDA:1592,0,1,-
DA:1593,0
BRDA:1593,0,0,-
BRDA:1593,0,1,-
DA:1594,0
BRDA:1594,0,0,-
BRDA:1594,0,1,-
DA:1595,0
DA:1596,0
DA:1598,0
DA:1599,0
BRDA:1599,0,0,-
BRDA:1599,0,1,-
BRDA:1599,0,2,-
BRDA:1599,0,3,-
DA:1600,0
DA:1601,0
BRDA:1601,0,0,-
BRDA:1601,0,1,-
DA:1604,0
BRDA:1604,0,0,-
BRDA:1604,0,1,-
BRDA:1604,0,2,-
BRDA:1604,0,3,-
DA:1605,0
DA:1606,0
DA:1607,0
DA:1608,0
BRDA:1608,0,0,-
BRDA:1608,0,1,-
DA:1609,0
BRDA:1609,0,0,-
BRDA:1609,0,1,-
DA:1610,0
BRDA:1610,0,0,-
BRDA:1610,0,1,-
DA:1612,0
DA:1613,0
BRDA:1613,0,0,-
BRDA:1613,0,1,-
DA:1616,0
DA:1619,0
DA:1620,0
DA:1622,0
DA:1626,0
DA:1628,0
DA:1630,0
DA:1632,0
DA:1634,0
DA:1636,0
DA:1638,0
DA:1640,0
DA:1642,0
DA:1644,0
DA:1646,0
DA:1647,0
BRDA:1647,0,0,-
BRDA:1647,0,1,-
DA:1649,0
DA:1651,0
DA:1653,0
DA:1655,0
DA:1657,0
DA:1659,0
DA:1663,0
DA:1668,0
DA:1671,0
BRDA:1671,0,0,-
BRDA:1671,0,1,-
DA:1672,0
DA:1673,0
DA:1674,0
DA:1677,0
DA:1683,0
DA:1695,0
DA:1701,0
DA:1704,0
DA:1707,0
DA:1709,0
DA:1710,0
DA:1711,0
DA:1716,0
BRDA:1716,0,0,-
BRDA:1716,0,1,-
DA:1717,0
DA:1718,0
DA:1720,0
BRDA:1720,0,0,-
BRDA:1720,0,1,-
DA:1721,0
BRDA:1721,0,0,-
BRDA:1721,0,1,-
DA:1722,0
BRDA:1722,0,0,-
BRDA:1722,0,1,-
DA:1723,0
BRDA:1723,0,0,-
BRDA:1723,0,1,-
DA:1728,0
BRDA:1728,0,0,-
BRDA:1728,0,1,-
BRDA:1728,0,2,-
BRDA:1728,0,3,-
BRDA:1728,0,4,-
BRDA:1728,0,5,-
BRDA:1728,0,6,-
BRDA:1728,0,7,-
BRDA:1728,0,8,-
BRDA:1728,0,9,-
BRDA:1728,0,10,-
BRDA:1728,0,11,-
BRDA:1728,0,12,-
BRDA:1728,0,13,-
BRDA:1728,0,14,-
BRDA:1728,0,15,-
BRDA:1728,0,16,-
BRDA:1728,0,17,-
BRDA:1728,0,18,-
BRDA:1728,0,19,-
BRDA:1728,0,20,-
BRDA:1728,0,21,-
BRDA:1728,0,22,-
BRDA:1728,0,23,-
BRDA:1728,0,24,-
BRDA:1728,0,25,-
BRDA:1728,0,26,-
BRDA:1728,0,27,-
BRDA:1728,0,28,-
BRDA:1728,0,29,-
DA:1729,0
BRDA:1729,0,0,-
BRDA:1729,0,1,-
DA:1730,0
BRDA:1730,0,0,-
BRDA:1730,0,1,-
DA:1731,0
DA:1733,0
DA:1734,0
DA:1736,0
BRDA:1736,0,0,-
BRDA:1736,0,1,-
DA:1737,0
DA:1738,0
DA:1740,0
DA:1741,0
DA:1742,0
DA:1748,0
BRDA:1748,0,0,-
BRDA:1748,0,1,-
BRDA:1748,0,2,-
BRDA:1748,0,3,-
BRDA:1748,0,4,-
BRDA:1748,0,5,-
DA:1750,0
BRDA:1750,0,0,-
BRDA:1750,0,1,-
DA:1751,0
DA:1756,0
BRDA:1756,0,0,-
BRDA:1756,0,1,-
DA:1757,0
DA:1760,0
DA:1762,0
BRDA:1762,0,0,-
BRDA:1762,0,1,-
DA:1763,0
DA:1764,0
DA:1768,0
BRDA:1768,0,0,-
BRDA:1768,0,1,-
DA:1773,0
BRDA:1773,0,0,-
BRDA:1773,0,1,-
DA:1774,0
DA:1775,0
DA:1777,0
DA:1781,0
DA:1783,0
DA:1786,0
BRDA:1786,0,0,-
BRDA:1786,0,1,-
DA:1788,0
DA:1790,0
DA:1803,0
DA:1804,0
DA:1806,0
BRDA:1806,0,0,-
BRDA:1806,0,1,-
DA:1807,0
DA:1808,0
DA:1811,0
DA:1815,0
BRDA:1815,0,0,-
BRDA:1815,0,1,-
DA:1816,0
BRDA:1816,0,0,-
BRDA:1816,0,1,-
DA:1817,0
BRDA:1817,0,0,-
BRDA:1817,0,1,-
DA:1818,0
BRDA:1818,0,0,-
BRDA:1818,0,1,-
DA:1819,0
BRDA:1819,0,0,-
BRDA:1819,0,1,-
DA:1820,0
BRDA:1820,0,0,-
BRDA:1820,0,1,-
DA:1821,0
DA:1822,0
DA:1829,0
DA:1830,0
DA:1831,0
DA:1832,0
DA:1834,0
DA:1835,0
BRDA:1835,0,0,-
BRDA:1835,0,1,-
DA:1836,0
DA:1837,0
DA:1839,0
BRDA:1839,0,0,-
BRDA:1839,0,1,-
BRDA:1839,0,2,-
BRDA:1839,0,3,-
DA:1840,0
DA:1841,0
DA:1845,0
BRDA:1845,0,0,-
BRDA:1845,0,1,-
DA:1846,0
DA:1847,0
DA:1850,0
DA:1852,0
BRDA:1852,0,0,-
BRDA:1852,0,1,-
BRDA:1852,0,2,-
BRDA:1852,0,3,-
BRDA:1852,0,4,-
BRDA:1852,0,5,-
BRDA:1852,0,6,-
BRDA:1852,0,7,-
BRDA:1852,0,8,-
BRDA:1852,0,9,-
DA:1853,0
DA:1861,0
DA:1865,0
BRDA:1865,0,0,-
BRDA:1865,0,1,-
DA:1866,0
DA:1867,0
DA:1870,0
DA:1871,0
DA:1874,0
BRDA:1874,0,0,-
BRDA:1874,0,1,-
DA:1875,0
BRDA:1875,0,0,-
BRDA:1875,0,1,-
DA:1876,0
DA:1877,0
DA:1881,0
DA:1883,0
BRDA:1883,0,0,-
BRDA:1883,0,1,-
BRDA:1883,0,2,-
BRDA:1883,0,3,-
DA:1889,0
BRDA:1889,0,0,-
BRDA:1889,0,1,-
DA:1890,0
DA:1893,0
DA:1895,0
DA:1896,0
DA:1897,0
DA:1899,0
DA:1901,0
DA:1903,0
DA:1906,0
DA:1908,0
BRDA:1908,0,0,-
BRDA:1908,0,1,-
DA:1910,0
DA:1918,0
DA:1920,0
DA:1921,0
DA:1923,0
BRDA:1923,0,0,-
BRDA:1923,0,1,-
DA:1925,0
DA:1932,0
BRDA:1932,0,0,-
BRDA:1932,0,1,-
DA:1933,0
DA:1935,0
DA:1937,0
DA:1940,0
DA:1946,0
DA:1950,0
BRDA:1950,0,0,-
BRDA:1950,0,1,-
DA:1951,0
DA:1952,0
DA:1955,0
DA:1956,0
DA:1959,0
BRDA:1959,0,0,-
BRDA:1959,0,1,-
DA:1960,0
BRDA:1960,0,0,-
BRDA:1960,0,1,-
DA:1961,0
DA:1962,0
DA:1966,0
DA:1968,0
BRDA:1968,0,0,-
BRDA:1968,0,1,-
DA:1969,0
DA:1972,0
BRDA:1972,0,0,-
BRDA:1972,0,1,-
DA:1974,0
BRDA:1974,0,0,-
BRDA:1974,0,1,-
DA:1975,0
DA:1978,0
DA:1980,0
DA:1981,0
DA:1982,0
DA:1985,0
DA:1987,0
DA:1992,0
DA:1993,0
DA:1996,0
BRDA:1996,0,0,-
BRDA:1996,0,1,-
DA:1997,0
DA:2001,0
DA:2003,0
DA:2005,0
DA:2008,0
DA:2009,0
DA:2010,0
DA:2013,0
DA:2021,0
DA:2024,0
DA:2025,0
DA:2026,0
DA:2028,0
DA:2031,0
DA:2033,0
DA:2034,0
DA:2037,0
DA:2038,0
DA:2039,0
DA:2041,0
BRDA:2041,0,0,-
BRDA:2041,0,1,-
DA:2042,0
BRDA:2042,0,0,-
BRDA:2042,0,1,-
DA:2043,0
BRDA:2043,0,0,-
BRDA:2043,0,1,-
DA:2044,0
DA:2045,0
DA:2057,0
BRDA:2057,0,0,-
BRDA:2057,0,1,-
BRDA:2057,0,2,-
BRDA:2057,0,3,-
DA:2058,0
BRDA:2058,0,0,-
BRDA:2058,0,1,-
BRDA:2058,0,2,-
BRDA:2058,0,3,-
BRDA:2058,0,4,-
BRDA:2058,0,5,-
DA:2059,0
DA:2061,0
BRDA:2061,0,0,-
BRDA:2061,0,1,-
DA:2062,0
BRDA:2062,0,0,-
BRDA:2062,0,1,-
DA:2063,0
BRDA:2063,0,0,-
BRDA:2063,0,1,-
DA:2064,0
DA:2065,0
DA:2068,0
BRDA:2068,0,0,-
BRDA:2068,0,1,-
DA:2069,0
DA:2071,0
DA:2075,0
BRDA:2075,0,0,-
BRDA:2075,0,1,-
BRDA:2075,0,2,-
BRDA:2075,0,3,-
BRDA:2075,0,4,-
BRDA:2075,0,5,-
DA:2076,0
DA:2078,0
BRDA:2078,0,0,-
BRDA:2078,0,1,-
DA:2079,0
DA:2081,0
DA:2082,0
DA:2083,0
DA:2085,0
DA:2086,0
DA:2087,0
BRDA:2087,0,0,-
BRDA:2087,0,1,-
BRDA:2087,0,2,-
BRDA:2087,0,3,-
BRDA:2087,0,4,-
BRDA:2087,0,5,-
BRDA:2087,0,6,-
BRDA:2087,0,7,-
BRDA:2087,0,8,-
BRDA:2087,0,9,-
BRDA:2087,0,10,-
BRDA:2087,0,11,-
BRDA:2087,0,12,-
BRDA:2087,0,13,-
BRDA:2087,0,14,-
BRDA:2087,0,15,-
BRDA:2087,0,16,-
BRDA:2087,0,17,-
BRDA:2087,0,18,-
BRDA:2087,0,19,-
BRDA:2087,0,20,-
BRDA:2087,0,21,-
BRDA:2087,0,22,-
BRDA:2087,0,23,-
BRDA:2087,0,24,-
BRDA:2087,0,25,-
BRDA:2087,0,26,-
BRDA:2087,0,27,-
BRDA:2087,0,28,-
BRDA:2087,0,29,-
BRDA:2087,0,30,-
BRDA:2087,0,31,-
BRDA:2087,0,32,-
BRDA:2087,0,33,-
BRDA:2087,0,34,-
BRDA:2087,0,35,-
BRDA:2087,0,36,-
BRDA:2087,0,37,-
BRDA:2087,0,38,-
BRDA:2087,0,39,-
BRDA:2087,0,40,-
BRDA:2087,0,41,-
BRDA:2087,0,42,-
BRDA:2087,0,43,-
DA:2089,0
DA:2090,0
DA:2094,0
BRDA:2094,0,0,-
BRDA:2094,0,1,-
DA:2095,0
DA:2097,0
DA:2101,0
BRDA:2101,0,0,-
BRDA:2101,0,1,-
DA:2103,0
BRDA:2103,0,0,-
BRDA:2103,0,1,-
BRDA:2103,0,2,-
BRDA:2103,0,3,-
BRDA:2103,0,4,-
BRDA:2103,0,5,-
BRDA:2103,0,6,-
BRDA:2103,0,7,-
BRDA:2103,0,8,-
BRDA:2103,0,9,-
BRDA:2103,0,10,-
BRDA:2103,0,11,-
BRDA:2103,0,12,-
BRDA:2103,0,13,-
BRDA:2103,0,14,-
BRDA:2103,0,15,-
BRDA:2103,0,16,-
BRDA:2103,0,17,-
BRDA:2103,0,18,-
BRDA:2103,0,19,-
BRDA:2103,0,20,-
BRDA:2103,0,21,-
BRDA:2103,0,22,-
BRDA:2103,0,23,-
BRDA:2103,0,24,-
BRDA:2103,0,25,-
BRDA:2103,0,26,-
BRDA:2103,0,27,-
BRDA:2103,0,28,-
BRDA:2103,0,29,-
DA:2104,0
BRDA:2104,0,0,-
BRDA:2104,0,1,-
DA:2105,0
DA:2106,0
BRDA:2106,0,0,-
BRDA:2106,0,1,-
DA:2107,0
DA:2108,0
DA:2111,0
DA:2116,0
BRDA:2116,0,0,-
BRDA:2116,0,1,-
DA:2117,0
DA:2118,0
DA:2121,0
DA:2122,0
DA:2123,0
DA:2124,0
DA:2126,0
DA:2127,0
DA:2129,0
BRDA:2129,0,0,-
BRDA:2129,0,1,-
DA:2130,0
BRDA:2130,0,0,-
BRDA:2130,0,1,-
BRDA:2130,0,2,-
BRDA:2130,0,3,-
BRDA:2130,0,4,-
BRDA:2130,0,5,-
DA:2131,0
BRDA:2131,0,0,-
BRDA:2131,0,1,-
DA:2132,0
DA:2133,0
DA:2134,0
DA:2135,0
DA:2139,0
DA:2141,0
DA:2142,0
DA:2143,0
DA:2146,0
BRDA:2146,0,0,-
BRDA:2146,0,1,-
DA:2147,0
DA:2148,0
DA:2149,0
DA:2151,0
DA:2156,0
BRDA:2156,0,0,-
BRDA:2156,0,1,-
DA:2157,0
BRDA:2157,0,0,-
BRDA:2157,0,1,-
DA:2160,0
DA:2161,0
BRDA:2161,0,0,-
BRDA:2161,0,1,-
BRDA:2161,0,2,-
BRDA:2161,0,3,-
BRDA:2161,0,4,-
BRDA:2161,0,5,-
DA:2162,0
BRDA:2162,0,0,-
BRDA:2162,0,1,-
DA:2163,0
DA:2164,0
DA:2166,0
BRDA:2166,0,0,-
BRDA:2166,0,1,-
DA:2167,0
DA:2168,0
BRDA:2168,0,0,-
BRDA:2168,0,1,-
DA:2169,0
BRDA:2169,0,0,-
BRDA:2169,0,1,-
DA:2172,0
BRDA:2172,0,0,-
BRDA:2172,0,1,-
DA:2173,0
DA:2174,0
DA:2176,0
DA:2178,0
DA:2180,0
DA:2185,0
DA:2186,0
BRDA:2186,0,0,-
BRDA:2186,0,1,-
DA:2187,0
BRDA:2187,0,0,-
BRDA:2187,0,1,-
DA:2188,0
DA:2191,0
DA:2195,0
BRDA:2195,0,0,-
BRDA:2195,0,1,-
DA:2197,0
DA:2198,0
DA:2199,0
DA:2201,0
DA:2203,0
BRDA:2203,0,0,-
BRDA:2203,0,1,-
DA:2204,0
DA:2208,0
BRDA:2208,0,0,-
BRDA:2208,0,1,-
DA:2209,0
DA:2212,0
DA:2214,0
DA:2219,0
BRDA:2219,0,0,-
BRDA:2219,0,1,-
BRDA:2219,0,2,-
BRDA:2219,0,3,-
DA:2223,0
BRDA:2223,0,0,-
BRDA:2223,0,1,-
DA:2224,0
DA:2225,0
DA:2226,0
DA:2228,0
DA:2229,0
DA:2231,0
BRDA:2231,0,0,-
BRDA:2231,0,1,-
DA:2232,0
DA:2236,0
BRDA:2236,0,0,-
BRDA:2236,0,1,-
DA:2238,0
DA:2240,0
DA:2241,0
DA:2245,0
DA:2249,0
DA:2250,0
BRDA:2250,0,0,-
BRDA:2250,0,1,-
DA:2251,0
BRDA:2251,0,0,-
BRDA:2251,0,1,-
DA:2252,0
DA:2254,0
DA:2256,0
DA:2258,0
DA:2260,0
DA:2262,0
DA:2266,0
DA:2267,0
DA:2269,0
DA:2271,0
BRDA:2271,0,0,-
BRDA:2271,0,1,-
DA:2272,0
DA:2276,0
BRDA:2276,0,0,-
BRDA:2276,0,1,-
DA:2278,0
DA:2280,0
DA:2281,0
DA:2285,0
DA:2287,0
DA:2293,0
DA:2295,0
BRDA:2295,0,0,-
BRDA:2295,0,1,-
BRDA:2295,0,2,-
BRDA:2295,0,3,-
BRDA:2295,0,4,-
BRDA:2295,0,5,-
BRDA:2295,0,6,-
BRDA:2295,0,7,-
BRDA:2295,0,8,-
BRDA:2295,0,9,-
BRDA:2295,0,10,-
BRDA:2295,0,11,-
BRDA:2295,0,12,-
BRDA:2295,0,13,-
BRDA:2295,0,14,-
BRDA:2295,0,15,-
BRDA:2295,0,16,-
BRDA:2295,0,17,-
BRDA:2295,0,18,-
BRDA:2295,0,19,-
BRDA:2295,0,20,-
BRDA:2295,0,21,-
BRDA:2295,0,22,-
BRDA:2295,0,23,-
BRDA:2295,0,24,-
BRDA:2295,0,25,-
BRDA:2295,0,26,-
BRDA:2295,0,27,-
BRDA:2295,0,28,-
BRDA:2295,0,29,-
DA:2296,0
BRDA:2296,0,0,-
BRDA:2296,0,1,-
DA:2297,0
BRDA:2297,0,0,-
BRDA:2297,0,1,-
BRDA:2297,0,2,-
BRDA:2297,0,3,-
DA:2299,0
BRDA:2299,0,0,-
BRDA:2299,0,1,-
BRDA:2299,0,2,-
BRDA:2299,0,3,-
BRDA:2299,0,4,-
BRDA:2299,0,5,-
BRDA:2299,0,6,-
BRDA:2299,0,7,-
BRDA:2299,0,8,-
BRDA:2299,0,9,-
BRDA:2299,0,10,-
BRDA:2299,0,11,-
BRDA:2299,0,12,-
BRDA:2299,0,13,-
BRDA:2299,0,14,-
BRDA:2299,0,15,-
BRDA:2299,0,16,-
BRDA:2299,0,17,-
BRDA:2299,0,18,-
BRDA:2299,0,19,-
BRDA:2299,0,20,-
BRDA:2299,0,21,-
BRDA:2299,0,22,-
BRDA:2299,0,23,-
BRDA:2299,0,24,-
BRDA:2299,0,25,-
BRDA:2299,0,26,-
BRDA:2299,0,27,-
BRDA:2299,0,28,-
BRDA:2299,0,29,-
DA:2300,0
DA:2302,0
BRDA:2302,0,0,-
BRDA:2302,0,1,-
BRDA:2302,0,2,-
BRDA:2302,0,3,-
BRDA:2302,0,4,-
BRDA:2302,0,5,-
BRDA:2302,0,6,-
BRDA:2302,0,7,-
BRDA:2302,0,8,-
BRDA:2302,0,9,-
BRDA:2302,0,10,-
BRDA:2302,0,11,-
BRDA:2302,0,12,-
BRDA:2302,0,13,-
BRDA:2302,0,14,-
BRDA:2302,0,15,-
DA:2303,0
DA:2309,0
DA:2312,0
DA:2318,0
DA:2320,0
BRDA:2320,0,0,-
BRDA:2320,0,1,-
DA:2321,0
DA:2322,0
DA:2325,0
BRDA:2325,0,0,-
BRDA:2325,0,1,-
BRDA:2325,0,2,-
BRDA:2325,0,3,-
DA:2326,0
DA:2327,0
DA:2330,0
DA:2332,0
BRDA:2332,0,0,-
BRDA:2332,0,1,-
DA:2333,0
BRDA:2333,0,0,-
BRDA:2333,0,1,-
DA:2334,0
DA:2335,0
DA:2339,0
DA:2342,0
BRDA:2342,0,0,-
BRDA:2342,0,1,-
BRDA:2342,0,2,-
BRDA:2342,0,3,-
BRDA:2342,0,4,-
BRDA:2342,0,5,-
BRDA:2342,0,6,-
BRDA:2342,0,7,-
BRDA:2342,0,8,-
BRDA:2342,0,9,-
BRDA:2342,0,10,-
BRDA:2342,0,11,-
BRDA:2342,0,12,-
BRDA:2342,0,13,-
BRDA:2342,0,14,-
BRDA:2342,0,15,-
BRDA:2342,0,16,-
BRDA:2342,0,17,-
BRDA:2342,0,18,-
BRDA:2342,0,19,-
BRDA:2342,0,20,-
BRDA:2342,0,21,-
BRDA:2342,0,22,-
BRDA:2342,0,23,-
BRDA:2342,0,24,-
BRDA:2342,0,25,-
BRDA:2342,0,26,-
BRDA:2342,0,27,-
BRDA:2342,0,28,-
BRDA:2342,0,29,-
DA:2343,0
BRDA:2343,0,0,-
BRDA:2343,0,1,-
DA:2344,0
BRDA:2344,0,0,-
BRDA:2344,0,1,-
DA:2345,0
BRDA:2345,0,0,-
BRDA:2345,0,1,-
BRDA:2345,0,2,-
BRDA:2345,0,3,-
DA:2347,0
BRDA:2347,0,0,-
BRDA:2347,0,1,-
BRDA:2347,0,2,-
BRDA:2347,0,3,-
BRDA:2347,0,4,-
BRDA:2347,0,5,-
BRDA:2347,0,6,-
BRDA:2347,0,7,-
BRDA:2347,0,8,-
BRDA:2347,0,9,-
BRDA:2347,0,10,-
BRDA:2347,0,11,-
BRDA:2347,0,12,-
BRDA:2347,0,13,-
BRDA:2347,0,14,-
BRDA:2347,0,15,-
BRDA:2347,0,16,-
BRDA:2347,0,17,-
BRDA:2347,0,18,-
BRDA:2347,0,19,-
BRDA:2347,0,20,-
BRDA:2347,0,21,-
BRDA:2347,0,22,-
BRDA:2347,0,23,-
BRDA:2347,0,24,-
BRDA:2347,0,25,-
BRDA:2347,0,26,-
BRDA:2347,0,27,-
BRDA:2347,0,28,-
BRDA:2347,0,29,-
DA:2348,0
DA:2350,0
BRDA:2350,0,0,-
BRDA:2350,0,1,-
BRDA:2350,0,2,-
BRDA:2350,0,3,-
BRDA:2350,0,4,-
BRDA:2350,0,5,-
BRDA:2350,0,6,-
BRDA:2350,0,7,-
BRDA:2350,0,8,-
BRDA:2350,0,9,-
BRDA:2350,0,10,-
BRDA:2350,0,11,-
BRDA:2350,0,12,-
BRDA:2350,0,13,-
BRDA:2350,0,14,-
BRDA:2350,0,15,-
DA:2351,0
DA:2355,0
DA:2358,0
DA:2370,0
DA:2371,0
DA:2372,0
DA:2373,0
DA:2374,0
DA:2376,0
DA:2378,0
BRDA:2378,0,0,-
BRDA:2378,0,1,-
DA:2379,0
DA:2380,0
DA:2383,0
BRDA:2383,0,0,-
BRDA:2383,0,1,-
BRDA:2383,0,2,-
BRDA:2383,0,3,-
DA:2384,0
DA:2385,0
DA:2388,0
DA:2389,0
DA:2391,0
BRDA:2391,0,0,-
BRDA:2391,0,1,-
DA:2392,0
BRDA:2392,0,0,-
BRDA:2392,0,1,-
DA:2393,0
DA:2394,0
DA:2398,0
DA:2403,0
DA:2404,0
DA:2405,0
BRDA:2405,0,0,-
BRDA:2405,0,1,-
DA:2406,0
DA:2408,0
DA:2409,0
DA:2412,0
BRDA:2412,0,0,-
BRDA:2412,0,1,-
DA:2414,0
DA:2415,0
BRDA:2415,0,0,-
BRDA:2415,0,1,-
DA:2416,0
DA:2417,0
DA:2419,0
DA:2421,0
BRDA:2421,0,0,-
BRDA:2421,0,1,-
DA:2422,0
DA:2426,0
DA:2429,0
BRDA:2429,0,0,-
BRDA:2429,0,1,-
DA:2430,0
DA:2432,0
DA:2434,0
DA:2436,0
DA:2438,0
DA:2442,0
DA:2444,0
DA:2447,0
DA:2450,0
DA:2456,0
DA:2457,0
DA:2458,0
DA:2459,0
DA:2461,0
DA:2463,0
BRDA:2463,0,0,-
BRDA:2463,0,1,-
DA:2464,0
DA:2465,0
DA:2468,0
DA:2470,0
BRDA:2470,0,0,-
BRDA:2470,0,1,-
DA:2471,0
BRDA:2471,0,0,-
BRDA:2471,0,1,-
DA:2472,0
DA:2473,0
DA:2477,0
DA:2481,0
BRDA:2481,0,0,-
BRDA:2481,0,1,-
BRDA:2481,0,2,-
BRDA:2481,0,3,-
BRDA:2481,0,4,-
BRDA:2481,0,5,-
BRDA:2481,0,6,-
BRDA:2481,0,7,-
BRDA:2481,0,8,-
BRDA:2481,0,9,-
BRDA:2481,0,10,-
BRDA:2481,0,11,-
BRDA:2481,0,12,-
BRDA:2481,0,13,-
BRDA:2481,0,14,-
BRDA:2481,0,15,-
BRDA:2481,0,16,-
BRDA:2481,0,17,-
BRDA:2481,0,18,-
BRDA:2481,0,19,-
BRDA:2481,0,20,-
BRDA:2481,0,21,-
BRDA:2481,0,22,-
BRDA:2481,0,23,-
BRDA:2481,0,24,-
BRDA:2481,0,25,-
BRDA:2481,0,26,-
BRDA:2481,0,27,-
BRDA:2481,0,28,-
BRDA:2481,0,29,-
DA:2482,0
BRDA:2482,0,0,-
BRDA:2482,0,1,-
DA:2483,0
BRDA:2483,0,0,-
BRDA:2483,0,1,-
DA:2490,0
DA:2492,0
BRDA:2492,0,0,-
BRDA:2492,0,1,-
DA:2493,0
DA:2497,0
BRDA:2497,0,0,-
BRDA:2497,0,1,-
DA:2498,0
DA:2502,0
DA:2504,0
BRDA:2504,0,0,-
BRDA:2504,0,1,-
BRDA:2504,0,2,-
BRDA:2504,0,3,-
DA:2506,0
BRDA:2506,0,0,-
BRDA:2506,0,1,-
BRDA:2506,0,2,-
BRDA:2506,0,3,-
BRDA:2506,0,4,-
BRDA:2506,0,5,-
BRDA:2506,0,6,-
BRDA:2506,0,7,-
BRDA:2506,0,8,-
BRDA:2506,0,9,-
BRDA:2506,0,10,-
BRDA:2506,0,11,-
BRDA:2506,0,12,-
BRDA:2506,0,13,-
BRDA:2506,0,14,-
BRDA:2506,0,15,-
BRDA:2506,0,16,-
BRDA:2506,0,17,-
BRDA:2506,0,18,-
BRDA:2506,0,19,-
BRDA:2506,0,20,-
BRDA:2506,0,21,-
BRDA:2506,0,22,-
BRDA:2506,0,23,-
BRDA:2506,0,24,-
BRDA:2506,0,25,-
BRDA:2506,0,26,-
BRDA:2506,0,27,-
BRDA:2506,0,28,-
BRDA:2506,0,29,-
DA:2507,0
DA:2509,0
BRDA:2509,0,0,-
BRDA:2509,0,1,-
BRDA:2509,0,2,-
BRDA:2509,0,3,-
BRDA:2509,0,4,-
BRDA:2509,0,5,-
BRDA:2509,0,6,-
BRDA:2509,0,7,-
BRDA:2509,0,8,-
BRDA:2509,0,9,-
BRDA:2509,0,10,-
BRDA:2509,0,11,-
BRDA:2509,0,12,-
BRDA:2509,0,13,-
BRDA:2509,0,14,-
BRDA:2509,0,15,-
DA:2510,0
DA:2514,0
DA:2517,0
DA:2520,0
DA:2524,0
DA:2525,0
DA:2526,0
DA:2528,0
BRDA:2528,0,0,-
BRDA:2528,0,1,-
BRDA:2528,0,2,-
BRDA:2528,0,3,-
DA:2529,0
BRDA:2529,0,0,-
BRDA:2529,0,1,-
BRDA:2529,0,2,-
BRDA:2529,0,3,-
BRDA:2529,0,4,-
BRDA:2529,0,5,-
DA:2530,0
DA:2532,0
BRDA:2532,0,0,-
BRDA:2532,0,1,-
DA:2533,0
BRDA:2533,0,0,-
BRDA:2533,0,1,-
DA:2534,0
BRDA:2534,0,0,-
BRDA:2534,0,1,-
DA:2535,0
DA:2536,0
DA:2539,0
BRDA:2539,0,0,-
BRDA:2539,0,1,-
DA:2540,0
DA:2541,0
DA:2545,0
BRDA:2545,0,0,-
BRDA:2545,0,1,-
BRDA:2545,0,2,-
BRDA:2545,0,3,-
BRDA:2545,0,4,-
BRDA:2545,0,5,-
DA:2546,0
DA:2547,0
DA:2550,0
DA:2555,0
BRDA:2555,0,0,-
BRDA:2555,0,1,-
DA:2556,0
BRDA:2556,0,0,-
BRDA:2556,0,1,-
DA:2557,0
BRDA:2557,0,0,-
BRDA:2557,0,1,-
DA:2558,0
DA:2559,0
DA:2564,0
BRDA:2564,0,0,-
BRDA:2564,0,1,-
DA:2565,0
DA:2568,0
DA:2569,0
DA:2570,0
DA:2571,0
DA:2573,0
DA:2574,0
DA:2575,0
DA:2576,0
DA:2577,0
DA:2578,0
DA:2579,0
DA:2581,0
DA:2582,0
DA:2584,0
DA:2586,0
BRDA:2586,0,0,-
BRDA:2586,0,1,-
DA:2587,0
BRDA:2587,0,0,-
BRDA:2587,0,1,-
DA:2588,0
DA:2594,0
DA:2596,0
DA:2600,0
DA:2607,0
BRDA:2607,0,0,-
BRDA:2607,0,1,-
DA:2608,0
DA:2609,0
DA:2612,0
BRDA:2612,0,0,-
BRDA:2612,0,1,-
BRDA:2612,0,2,-
BRDA:2612,0,3,-
BRDA:2612,0,4,-
BRDA:2612,0,5,-
BRDA:2612,0,6,-
BRDA:2612,0,7,-
BRDA:2612,0,8,-
BRDA:2612,0,9,-
BRDA:2612,0,10,-
BRDA:2612,0,11,-
BRDA:2612,0,12,-
BRDA:2612,0,13,-
BRDA:2612,0,14,-
BRDA:2612,0,15,-
BRDA:2612,0,16,-
BRDA:2612,0,17,-
BRDA:2612,0,18,-
BRDA:2612,0,19,-
BRDA:2612,0,20,-
BRDA:2612,0,21,-
BRDA:2612,0,22,-
BRDA:2612,0,23,-
BRDA:2612,0,24,-
BRDA:2612,0,25,-
BRDA:2612,0,26,-
BRDA:2612,0,27,-
BRDA:2612,0,28,-
BRDA:2612,0,29,-
DA:2613,0
BRDA:2613,0,0,-
BRDA:2613,0,1,-
DA:2614,0
DA:2615,0
DA:2616,0
DA:2617,0
DA:2619,0
DA:2620,0
DA:2621,0
DA:2622,0
DA:2623,0
BRDA:2623,0,0,-
BRDA:2623,0,1,-
DA:2624,0
DA:2625,0
DA:2628,0
DA:2630,0
BRDA:2630,0,0,-
BRDA:2630,0,1,-
DA:2631,0
DA:2636,0
DA:2638,0
DA:2643,0
BRDA:2643,0,0,-
BRDA:2643,0,1,-
DA:2644,0
DA:2647,0
DA:2650,0
DA:2651,0
DA:2653,0
DA:2655,0
BRDA:2655,0,0,-
BRDA:2655,0,1,-
DA:2656,0
DA:2661,0
DA:2665,0
DA:2668,0
DA:2671,0
DA:2674,0
BRDA:2674,0,0,-
BRDA:2674,0,1,-
DA:2675,0
DA:2676,0
DA:2679,0
DA:2681,0
BRDA:2681,0,0,-
BRDA:2681,0,1,-
DA:2682,0
BRDA:2682,0,0,-
BRDA:2682,0,1,-
DA:2683,0
DA:2684,0
DA:2688,0
DA:2692,0
BRDA:2692,0,0,-
BRDA:2692,0,1,-
BRDA:2692,0,2,-
BRDA:2692,0,3,-
BRDA:2692,0,4,-
BRDA:2692,0,5,-
BRDA:2692,0,6,-
BRDA:2692,0,7,-
BRDA:2692,0,8,-
BRDA:2692,0,9,-
BRDA:2692,0,10,-
BRDA:2692,0,11,-
BRDA:2692,0,12,-
BRDA:2692,0,13,-
BRDA:2692,0,14,-
BRDA:2692,0,15,-
BRDA:2692,0,16,-
BRDA:2692,0,17,-
BRDA:2692,0,18,-
BRDA:2692,0,19,-
BRDA:2692,0,20,-
BRDA:2692,0,21,-
BRDA:2692,0,22,-
BRDA:2692,0,23,-
BRDA:2692,0,24,-
BRDA:2692,0,25,-
BRDA:2692,0,26,-
BRDA:2692,0,27,-
BRDA:2692,0,28,-
BRDA:2692,0,29,-
DA:2693,0
BRDA:2693,0,0,-
BRDA:2693,0,1,-
DA:2694,0
BRDA:2694,0,0,-
BRDA:2694,0,1,-
BRDA:2694,0,2,-
BRDA:2694,0,3,-
DA:2696,0
DA:2704,0
DA:2706,0
BRDA:2706,0,0,-
BRDA:2706,0,1,-
DA:2707,0
DA:2712,0
DA:2715,0
DA:2718,0
DA:2720,0
DA:2723,0
DA:2729,0
DA:2732,0
DA:2733,0
DA:2734,0
DA:2736,0
DA:2738,0
BRDA:2738,0,0,-
BRDA:2738,0,1,-
DA:2750,0
DA:2752,0
BRDA:2752,0,0,-
BRDA:2752,0,1,-
DA:2754,0
DA:2756,0
DA:2758,0
DA:2760,0
DA:2764,0
BRDA:2764,0,0,-
BRDA:2764,0,1,-
BRDA:2764,0,2,-
BRDA:2764,0,3,-
BRDA:2764,0,4,-
BRDA:2764,0,5,-
DA:2766,0
DA:2767,0
BRDA:2767,0,0,-
BRDA:2767,0,1,-
DA:2768,0
DA:2772,0
DA:2773,0
DA:2775,0
DA:2777,0
DA:2779,0
DA:2781,0
BRDA:2781,0,0,-
BRDA:2781,0,1,-
DA:2784,0
BRDA:2784,0,0,-
BRDA:2784,0,1,-
DA:2788,0
DA:2789,0
DA:2792,0
BRDA:2792,0,0,-
BRDA:2792,0,1,-
DA:2799,0
DA:2803,0
DA:2804,0
DA:2808,0
BRDA:2808,0,0,-
BRDA:2808,0,1,-
DA:2810,0
DA:2821,0
BRDA:2821,0,0,-
BRDA:2821,0,1,-
BRDA:2821,0,2,-
BRDA:2821,0,3,-
BRDA:2821,0,4,-
BRDA:2821,0,5,-
DA:2824,0
BRDA:2824,0,0,-
BRDA:2824,0,1,-
DA:2825,0
DA:2827,0
BRDA:2827,0,0,-
BRDA:2827,0,1,-
DA:2832,0
DA:2833,0
DA:2834,0
DA:2837,0
BRDA:2837,0,0,-
BRDA:2837,0,1,-
DA:2838,0
DA:2839,0
DA:2843,0
DA:2844,0
DA:2846,0
DA:2848,0
BRDA:2848,0,0,-
BRDA:2848,0,1,-
DA:2849,0
BRDA:2849,0,0,-
BRDA:2849,0,1,-
DA:2851,0
DA:2852,0
BRDA:2852,0,0,-
BRDA:2852,0,1,-
DA:2853,0
DA:2854,0
DA:2855,0
DA:2856,0
DA:2860,0
DA:2861,0
DA:2864,0
DA:2865,0
DA:2872,0
BRDA:2872,0,0,-
BRDA:2872,0,1,-
BRDA:2872,0,2,-
BRDA:2872,0,3,-
BRDA:2872,0,4,-
BRDA:2872,0,5,-
DA:2873,0
BRDA:2873,0,0,-
BRDA:2873,0,1,-
DA:2874,0
BRDA:2874,0,0,-
BRDA:2874,0,1,-
BRDA:2874,0,2,-
BRDA:2874,0,3,-
BRDA:2874,0,4,-
BRDA:2874,0,5,-
BRDA:2874,0,6,-
BRDA:2874,0,7,-
BRDA:2874,0,8,-
BRDA:2874,0,9,-
BRDA:2874,0,10,-
BRDA:2874,0,11,-
BRDA:2874,0,12,-
BRDA:2874,0,13,-
BRDA:2874,0,14,-
BRDA:2874,0,15,-
DA:2875,0
DA:2880,0
BRDA:2880,0,0,-
BRDA:2880,0,1,-
DA:2884,0
DA:2885,0
BRDA:2885,0,0,-
BRDA:2885,0,1,-
BRDA:2885,0,2,-
BRDA:2885,0,3,-
DA:2886,0
DA:2887,0
BRDA:2887,0,0,-
BRDA:2887,0,1,-
DA:2888,0
DA:2889,0
BRDA:2889,0,0,-
BRDA:2889,0,1,-
DA:2890,0
DA:2891,0
DA:2892,0
DA:2893,0
DA:2894,0
DA:2895,0
BRDA:2895,0,0,-
BRDA:2895,0,1,-
BRDA:2895,0,2,-
BRDA:2895,0,3,-
BRDA:2895,0,4,-
BRDA:2895,0,5,-
BRDA:2895,0,6,-
BRDA:2895,0,7,-
BRDA:2895,0,8,-
BRDA:2895,0,9,-
BRDA:2895,0,10,-
BRDA:2895,0,11,-
BRDA:2895,0,12,-
BRDA:2895,0,13,-
BRDA:2895,0,14,-
BRDA:2895,0,15,-
BRDA:2895,0,16,-
BRDA:2895,0,17,-
BRDA:2895,0,18,-
BRDA:2895,0,19,-
BRDA:2895,0,20,-
BRDA:2895,0,21,-
BRDA:2895,0,22,-
BRDA:2895,0,23,-
BRDA:2895,0,24,-
BRDA:2895,0,25,-
BRDA:2895,0,26,-
BRDA:2895,0,27,-
BRDA:2895,0,28,-
BRDA:2895,0,29,-
BRDA:2895,0,30,-
BRDA:2895,0,31,-
BRDA:2895,0,32,-
BRDA:2895,0,33,-
BRDA:2895,0,34,-
BRDA:2895,0,35,-
BRDA:2895,0,36,-
BRDA:2895,0,37,-
BRDA:2895,0,38,-
BRDA:2895,0,39,-
BRDA:2895,0,40,-
BRDA:2895,0,41,-
BRDA:2895,0,42,-
BRDA:2895,0,43,-
DA:2896,0
DA:2902,0
DA:2909,0
BRDA:2909,0,0,-
BRDA:2909,0,1,-
DA:2913,0
DA:2914,0
DA:2917,0
BRDA:2917,0,0,-
BRDA:2917,0,1,-
DA:2918,0
DA:2919,0
DA:2920,0
DA:2924,0
DA:2928,0
BRDA:2928,0,0,-
BRDA:2928,0,1,-
BRDA:2928,0,2,-
BRDA:2928,0,3,-
DA:2931,0
DA:2932,0
BRDA:2932,0,0,-
BRDA:2932,0,1,-
BRDA:2932,0,2,-
BRDA:2932,0,3,-
BRDA:2932,0,4,-
BRDA:2932,0,5,-
DA:2933,0
DA:2935,0
DA:2938,0
DA:2939,0
DA:2940,0
DA:2941,0
DA:2944,0
DA:2946,0
end_of_record
SF:/usr/include/x86_64-linux-gnu/bits/byteswap.h
FN:34,__bswap_16
FNDA:0,__bswap_16
DA:34,0
DA:37,0
end_of_record
TN:
SF:/home/artem/Desktop/n2n/src/wire.c
FN:32,encode_uint8
FNDA:0,encode_uint8
FN:42,decode_uint8
FNDA:0,decode_uint8
FN:58,encode_uint16
FNDA:0,encode_uint16
FN:69,decode_uint16
FNDA:0,decode_uint16
FN:86,encode_uint32
FNDA:0,encode_uint32
FN:99,decode_uint32
FNDA:0,decode_uint32
FN:118,encode_uint64
FNDA:0,encode_uint64
FN:128,decode_uint64
FNDA:0,decode_uint64
FN:144,encode_buf
FNDA:0,encode_buf
FN:156,decode_buf
FNDA:0,decode_buf
FN:174,encode_mac
FNDA:0,encode_mac
FN:181,decode_mac
FNDA:0,decode_mac
FN:189,encode_cookie
FNDA:0,encode_cookie
FN:196,decode_cookie
FNDA:0,decode_cookie
FN:205,encode_common
FNDA:0,encode_common
FN:223,decode_common
FNDA:0,decode_common
FN:248,encode_sock
FNDA:0,encode_sock
FN:280,decode_sock
FNDA:0,decode_sock
FN:308,encode_REGISTER
FNDA:0,encode_REGISTER
FN:330,decode_REGISTER
FNDA:0,decode_REGISTER
FN:353,encode_REGISTER_SUPER
FNDA:0,encode_REGISTER_SUPER
FN:378,decode_REGISTER_SUPER
FNDA:0,decode_REGISTER_SUPER
FN:404,encode_UNREGISTER_SUPER
FNDA:0,encode_UNREGISTER_SUPER
FN:421,decode_UNREGISTER_SUPER
FNDA:0,decode_UNREGISTER_SUPER
FN:439,encode_REGISTER_ACK
FNDA:0,encode_REGISTER_ACK
FN:462,decode_REGISTER_ACK
FNDA:0,decode_REGISTER_ACK
FN:486,encode_REGISTER_SUPER_ACK
FNDA:0,encode_REGISTER_SUPER_ACK
FN:516,decode_REGISTER_SUPER_ACK
FNDA:0,decode_REGISTER_SUPER_ACK
FN:549,encode_REGISTER_SUPER_NAK
FNDA:0,encode_REGISTER_SUPER_NAK
FN:568,decode_REGISTER_SUPER_NAK
FNDA:0,decode_REGISTER_SUPER_NAK
FN:588,fill_sockaddr
FNDA:0,fill_sockaddr
FN:608,encode_PACKET
FNDA:0,encode_PACKET
FN:628,decode_PACKET
FNDA:0,decode_PACKET
FN:651,encode_PEER_INFO
FNDA:0,encode_PEER_INFO
FN:674,decode_PEER_INFO
FNDA:0,decode_PEER_INFO
FN:698,encode_QUERY_PEER
FNDA:0,encode_QUERY_PEER
FN:713,decode_QUERY_PEER
FNDA:0,decode_QUERY_PEER
DA:32,0
DA:36,0
DA:37,0
DA:39,0
DA:42,0
DA:47,0
BRDA:47,0,0,-
BRDA:47,0,1,-
DA:48,0
DA:51,0
DA:52,0
DA:53,0
DA:55,0
DA:58,0
DA:62,0
DA:63,0
DA:64,0
DA:66,0
DA:69,0
DA:74,0
BRDA:74,0,0,-
BRDA:74,0,1,-
DA:75,0
DA:78,0
DA:79,0
DA:80,0
DA:81,0
DA:83,0
DA:86,0
DA:90,0
DA:91,0
DA:92,0
DA:93,0
DA:94,0
DA:96,0
DA:99,0
DA:104,0
BRDA:104,0,0,-
BRDA:104,0,1,-
DA:105,0
DA:108,0
DA:109,0
DA:110,0
DA:111,0
DA:112,0
DA:113,0
DA:115,0
DA:118,0
DA:122,0
DA:123,0
DA:125,0
DA:128,0
DA:133,0
BRDA:133,0,0,-
BRDA:133,0,1,-
DA:134,0
DA:137,0
DA:138,0
DA:139,0
DA:141,0
DA:144,0
DA:149,0
DA:150,0
DA:152,0
DA:156,0
DA:162,0
BRDA:162,0,0,-
BRDA:162,0,1,-
DA:163,0
DA:166,0
DA:167,0
DA:168,0
DA:170,0
DA:174,0
DA:178,0
DA:181,0
DA:186,0
DA:189,0
DA:193,0
DA:196,0
DA:201,0
DA:205,0
DA:209,0
DA:211,0
DA:212,0
DA:214,0
DA:215,0
DA:217,0
DA:218,0
DA:220,0
DA:223,0
DA:228,0
DA:229,0
DA:231,0
DA:233,0
BRDA:233,0,0,-
BRDA:233,0,1,-
DA:234,0
DA:237,0
DA:238,0
DA:239,0
DA:240,0
DA:242,0
DA:244,0
DA:248,0
DA:252,0
DA:255,0
BRDA:255,0,0,-
BRDA:255,0,1,-
BRDA:255,0,2,-
DA:256,0
DA:257,0
DA:258,0
DA:259,0
DA:260,0
DA:261,0
DA:264,0
DA:265,0
DA:266,0
DA:267,0
DA:268,0
DA:269,0
DA:272,0
DA:273,0
DA:276,0
DA:280,0
DA:285,0
DA:286,0
DA:288,0
DA:290,0
BRDA:290,0,0,-
BRDA:290,0,1,-
DA:293,0
DA:294,0
DA:295,0
DA:298,0
DA:299,0
DA:300,0
DA:301,0
DA:304,0
DA:308,0
DA:313,0
DA:315,0
DA:316,0
DA:317,0
DA:318,0
DA:319,0
BRDA:319,0,0,-
BRDA:319,0,1,-
DA:320,0
DA:322,0
DA:323,0
DA:324,0
DA:326,0
DA:330,0
DA:336,0
DA:337,0
DA:339,0
DA:340,0
DA:341,0
DA:342,0
BRDA:342,0,0,-
BRDA:342,0,1,-
DA:343,0
DA:345,0
DA:346,0
DA:347,0
DA:349,0
DA:353,0
DA:358,0
DA:360,0
DA:361,0
DA:362,0
DA:363,0
BRDA:363,0,0,-
BRDA:363,0,1,-
DA:364,0
DA:366,0
DA:367,0
DA:368,0
DA:369,0
DA:370,0
DA:371,0
DA:372,0
DA:374,0
DA:378,0
DA:384,0
DA:385,0
DA:387,0
DA:388,0
DA:389,0
BRDA:389,0,0,-
BRDA:389,0,1,-
DA:390,0
DA:392,0
DA:393,0
DA:394,0
DA:395,0
DA:396,0
DA:397,0
DA:398,0
DA:400,0
DA:404,0
DA:409,0
DA:411,0
DA:412,0
DA:413,0
DA:414,0
DA:415,0
DA:417,0
DA:421,0
DA:427,0
DA:428,0
DA:430,0
DA:431,0
DA:432,0
DA:433,0
DA:435,0
DA:439,0
DA:444,0
DA:446,0
DA:447,0
DA:448,0
DA:449,0
DA:454,0
BRDA:454,0,0,-
BRDA:454,0,1,-
DA:455,0
DA:458,0
DA:462,0
DA:468,0
DA:469,0
DA:471,0
DA:472,0
DA:473,0
DA:478,0
BRDA:478,0,0,-
BRDA:478,0,1,-
DA:479,0
DA:482,0
DA:486,0
DA:492,0
DA:494,0
DA:495,0
DA:496,0
DA:497,0
DA:498,0
DA:499,0
DA:501,0
DA:503,0
DA:504,0
DA:505,0
DA:507,0
DA:508,0
DA:510,0
DA:512,0
DA:516,0
DA:523,0
DA:524,0
DA:526,0
DA:527,0
DA:528,0
DA:529,0
DA:530,0
DA:533,0
DA:535,0
DA:536,0
DA:537,0
DA:540,0
DA:541,0
DA:543,0
DA:545,0
DA:549,0
DA:554,0
DA:556,0
DA:557,0
DA:558,0
DA:560,0
DA:561,0
DA:562,0
DA:564,0
DA:568,0
DA:574,0
DA:575,0
DA:577,0
DA:578,0
DA:580,0
DA:581,0
DA:582,0
DA:584,0
DA:588,0
DA:592,0
DA:594,0
BRDA:594,0,0,-
BRDA:594,0,1,-
DA:595,0
BRDA:595,0,0,-
BRDA:595,0,1,-
DA:596,0
DA:597,0
DA:598,0
DA:599,0
DA:600,0
DA:604,0
DA:608,0
DA:613,0
DA:615,0
DA:616,0
DA:617,0
DA:618,0
BRDA:618,0,0,-
BRDA:618,0,1,-
DA:619,0
DA:621,0
DA:622,0
DA:624,0
DA:628,0
DA:634,0
DA:635,0
DA:637,0
DA:638,0
DA:640,0
BRDA:640,0,0,-
BRDA:640,0,1,-
DA:641,0
DA:644,0
DA:645,0
DA:647,0
DA:651,0
DA:656,0
DA:658,0
DA:659,0
DA:660,0
DA:661,0
DA:662,0
DA:663,0
BRDA:663,0,0,-
BRDA:663,0,1,-
DA:664,0
DA:666,0
DA:667,0
DA:668,0
DA:670,0
DA:674,0
DA:680,0
DA:681,0
DA:683,0
DA:684,0
DA:685,0
DA:686,0
DA:687,0
BRDA:687,0,0,-
BRDA:687,0,1,-
DA:688,0
DA:690,0
DA:691,0
DA:692,0
DA:694,0
DA:698,0
DA:703,0
DA:705,0
DA:706,0
DA:707,0
DA:708,0
DA:710,0
DA:713,0
DA:719,0
DA:720,0
DA:722,0
DA:723,0
DA:724,0
DA:726,0
end_of_record
SF:/usr/include/x86_64-linux-gnu/bits/byteswap.h
FN:70,__bswap_64
FNDA:0,__bswap_64
DA:70,0
DA:73,0
end_of_record
TN:
SF:/usr/include/x86_64-linux-gnu/bits/uintn-identity.h
FN:45,__uint64_identity
FNDA:28,__uint64_identity
DA:45,28
DA:47,28
end_of_record
SF:/usr/include/x86_64-linux-gnu/bits/byteswap.h
FN:70,__bswap_64
FNDA:12,__bswap_64
DA:70,12
DA:73,12
end_of_record
SF:/home/artem/Desktop/n2n/src/pearson.c
FN:68,pearson_hash_256
FNDA:2,pearson_hash_256
FN:130,pearson_hash_128
FNDA:2,pearson_hash_128
FN:176,pearson_hash_64
FNDA:1,pearson_hash_64
FN:210,pearson_hash_32
FNDA:0,pearson_hash_32
FN:216,pearson_hash_16
FNDA:0,pearson_hash_16
FN:222,pearson_hash_init
FNDA:1,pearson_hash_init
DA:68,2
DA:71,2
DA:72,2
DA:73,2
DA:74,2
DA:75,2
DA:76,2
DA:78,7
BRDA:78,0,0,5
BRDA:78,0,1,2
DA:80,5
DA:81,5
DA:82,5
DA:83,5
DA:85,5
DA:86,5
DA:90,2
DA:91,2
DA:92,2
DA:93,2
DA:95,4
BRDA:95,0,0,2
BRDA:95,0,1,2
DA:97,2
DA:98,2
DA:99,2
DA:100,2
DA:102,2
DA:103,2
DA:107,2
DA:108,2
DA:109,2
DA:110,2
DA:112,2
DA:113,2
DA:114,2
DA:115,2
DA:119,2
DA:120,2
DA:121,2
DA:122,2
DA:123,2
DA:124,2
DA:125,2
DA:126,2
DA:127,2
DA:130,2
DA:133,2
DA:134,2
DA:135,2
DA:136,2
DA:138,6
BRDA:138,0,0,4
BRDA:138,0,1,2
DA:140,4
DA:141,4
DA:143,4
DA:144,4
DA:148,2
DA:149,2
DA:151,6
BRDA:151,0,0,4
BRDA:151,0,1,2
DA:153,4
DA:154,4
DA:156,4
DA:157,4
DA:161,2
DA:162,2
DA:164,2
DA:165,2
DA:169,2
DA:170,2
DA:171,2
DA:172,2
DA:173,2
DA:176,1
DA:179,1
DA:180,1
DA:181,1
DA:183,1
BRDA:183,0,0,0
BRDA:183,0,1,1
DA:185,0
DA:187,0
DA:188,0
DA:192,1
DA:193,4
BRDA:193,0,0,3
BRDA:193,0,1,1
DA:195,3
DA:197,3
DA:198,3
DA:202,1
DA:203,1
DA:206,1
DA:210,0
DA:212,0
DA:216,0
DA:218,0
DA:222,1
DA:224,1
end_of_record
TN:
SF:/home/artem/Desktop/n2n/src/auth.c
FN:38,bin_to_ascii
FNDA:0,bin_to_ascii
FN:67,ascii_to_bin
FNDA:0,ascii_to_bin
FN:105,generate_private_key
FNDA:1,generate_private_key
FN:116,generate_public_key
FNDA:0,generate_public_key
FN:128,generate_shared_secret
FNDA:0,generate_shared_secret
FN:137,bind_private_key_to_username
FNDA:0,bind_private_key_to_username
FN:149,calculate_dynamic_key
FNDA:0,calculate_dynamic_key
DA:38,0
DA:45,0
DA:46,0
DA:49,0
BRDA:49,0,0,-
BRDA:49,0,1,-
DA:50,0
DA:51,0
DA:53,0
BRDA:53,0,0,-
BRDA:53,0,1,-
DA:54,0
DA:56,0
DA:57,0
DA:59,0
DA:61,0
DA:63,0
DA:67,0
DA:75,0
DA:77,0
DA:78,0
DA:79,0
BRDA:79,0,0,-
BRDA:79,0,1,-
DA:80,0
DA:82,0
DA:83,0
BRDA:83,0,0,-
BRDA:83,0,1,-
BRDA:83,0,2,-
BRDA:83,0,3,-
DA:84,0
BRDA:84,0,0,-
BRDA:84,0,1,-
DA:85,0
DA:87,0
DA:90,0
DA:92,0
DA:94,0
BRDA:94,0,0,-
BRDA:94,0,1,-
DA:95,0
DA:96,0
DA:101,0
DA:105,1
DA:109,1
DA:110,1
DA:112,1
DA:116,0
DA:122,0
DA:124,0
DA:128,0
DA:130,0
DA:131,0
DA:133,0
DA:137,0
DA:141,0
DA:142,0
DA:144,0
DA:149,0
DA:157,0
DA:158,0
DA:159,0
DA:161,0
DA:162,0
DA:163,0
DA:165,0
DA:167,0
DA:168,0
DA:170,0
DA:171,0
DA:172,0
DA:174,0
DA:176,0
DA:178,0
end_of_record
TN:
SF:/home/artem/Desktop/n2n/src/random_numbers.c
FN:37,splitmix64
FNDA:2,splitmix64
FN:50,n2n_srand
FNDA:1,n2n_srand
FN:79,n2n_rand
FNDA:39,n2n_rand
FN:97,n2n_seed
FNDA:1,n2n_seed
FN:194,i_sqrt
FNDA:0,i_sqrt
FN:213,int_sqrt
FNDA:0,int_sqrt
FN:225,n2n_rand_sqr
FNDA:0,n2n_rand_sqr
DA:37,2
DA:39,2
DA:41,2
DA:43,2
DA:44,2
DA:46,2
DA:50,1
DA:53,1
DA:55,1
DA:56,1
DA:58,1
DA:59,1
DA:63,1
BRDA:63,0,0,0
BRDA:63,0,1,1
BRDA:63,0,2,0
BRDA:63,0,3,0
DA:64,0
DA:65,0
DA:69,33
BRDA:69,0,0,32
BRDA:69,0,1,1
DA:70,32
DA:72,1
DA:79,39
DA:81,39
DA:82,39
DA:84,39
DA:85,39
DA:86,39
DA:87,39
DA:88,39
DA:90,39
DA:97,1
DA:99,1
DA:100,1
DA:101,1
DA:104,1
DA:105,2
BRDA:105,0,0,2
BRDA:105,0,1,0
BRDA:105,0,2,1
BRDA:105,0,3,1
DA:106,1
DA:108,1
BRDA:108,0,0,0
BRDA:108,0,1,1
DA:109,0
BRDA:109,0,0,-
BRDA:109,0,1,-
DA:110,0
DA:111,0
DA:117,1
BRDA:117,0,0,0
BRDA:117,0,1,1
DA:118,0
DA:124,1
DA:169,1
DA:170,1
DA:172,1
DA:173,1
DA:174,1
DA:176,1
DA:194,0
DA:196,0
DA:197,0
DA:199,0
BRDA:199,0,0,-
BRDA:199,0,1,-
DA:200,0
DA:201,0
DA:204,0
BRDA:204,0,0,-
BRDA:204,0,1,-
DA:205,0
DA:207,0
DA:209,0
DA:213,0
DA:217,0
DA:218,0
DA:220,0
DA:225,0
DA:227,0
DA:228,0
DA:229,0
DA:231,0
DA:232,0
DA:234,0
DA:235,0
BRDA:235,0,0,-
BRDA:235,0,1,-
DA:236,0
DA:238,0
BRDA:238,0,0,-
BRDA:238,0,1,-
DA:239,0
DA:240,0
BRDA:240,0,0,-
BRDA:240,0,1,-
DA:241,0
DA:243,0
end_of_record
TN:
SF:/usr/include/x86_64-linux-gnu/bits/uintn-identity.h
FN:45,__uint64_identity
FNDA:0,__uint64_identity
DA:45,0
DA:47,0
end_of_record
SF:/home/artem/Desktop/n2n/src/speck.c
FN:577,speck_encrypt_xor
FNDA:0,speck_encrypt_xor
FN:588,internal_speck_ctr
FNDA:0,internal_speck_ctr
FN:639,speck_expand_key
FNDA:4,speck_expand_key
FN:937,speck_ctr
FNDA:0,speck_ctr
FN:950,speck_init
FNDA:4,speck_init
FN:965,speck_deinit
FNDA:0,speck_deinit
FN:993,speck_128_decrypt
FNDA:0,speck_128_decrypt
FN:1011,speck_128_encrypt
FNDA:0,speck_128_encrypt
DA:577,0
DA:579,0
BRDA:579,0,0,-
BRDA:579,0,1,-
DA:580,0
BRDA:580,0,0,-
BRDA:580,0,1,-
BRDA:580,0,2,-
BRDA:580,0,3,-
BRDA:580,0,4,-
BRDA:580,0,5,-
BRDA:580,0,6,-
BRDA:580,0,7,-
BRDA:580,0,8,-
BRDA:580,0,9,-
BRDA:580,0,10,-
BRDA:580,0,11,-
BRDA:580,0,12,-
BRDA:580,0,13,-
DA:582,0
BRDA:582,0,0,-
BRDA:582,0,1,-
BRDA:582,0,2,-
BRDA:582,0,3,-
BRDA:582,0,4,-
BRDA:582,0,5,-
BRDA:582,0,6,-
BRDA:582,0,7,-
BRDA:582,0,8,-
BRDA:582,0,9,-
BRDA:582,0,10,-
BRDA:582,0,11,-
BRDA:582,0,12,-
BRDA:582,0,13,-
DA:588,0
DA:594,0
DA:596,0
BRDA:596,0,0,-
BRDA:596,0,1,-
DA:597,0
DA:599,0
DA:600,0
DA:602,0
BRDA:602,0,0,-
BRDA:602,0,1,-
DA:603,0
DA:604,0
DA:607,0
BRDA:607,0,0,-
BRDA:607,0,1,-
DA:608,0
DA:609,0
DA:612,0
BRDA:612,0,0,-
BRDA:612,0,1,-
DA:613,0
DA:614,0
DA:617,0
BRDA:617,0,0,-
BRDA:617,0,1,-
DA:618,0
DA:619,0
DA:622,0
BRDA:622,0,0,-
BRDA:622,0,1,-
DA:623,0
DA:624,0
DA:625,0
DA:626,0
DA:629,0
BRDA:629,0,0,-
BRDA:629,0,1,-
DA:630,0
DA:631,0
BRDA:631,0,0,-
BRDA:631,0,1,-
DA:632,0
DA:635,0
DA:639,4
DA:644,12
BRDA:644,0,0,8
BRDA:644,0,1,4
DA:645,8
DA:648,4
BRDA:648,0,0,4
BRDA:648,0,1,0
DA:649,140
DA:651,0
DA:654,4
DA:656,4
DA:937,0
DA:940,0
DA:950,4
DA:953,4
DA:957,4
BRDA:957,0,0,0
BRDA:957,0,1,4
DA:958,0
DA:961,4
DA:965,0
DA:967,0
BRDA:967,0,0,-
BRDA:967,0,1,-
DA:969,0
DA:975,0
DA:993,0
DA:998,0
DA:999,0
DA:1001,0
BRDA:1001,0,0,-
BRDA:1001,0,1,-
DA:1002,0
DA:1004,0
DA:1005,0
DA:1007,0
DA:1011,0
DA:1016,0
DA:1017,0
DA:1019,0
BRDA:1019,0,0,-
BRDA:1019,0,1,-
DA:1020,0
DA:1022,0
DA:1023,0
DA:1025,0
end_of_record
SF:/usr/lib/gcc/x86_64-linux-gnu/11/include/mm_malloc.h
FN:38,_mm_malloc
FNDA:4,_mm_malloc
FN:52,_mm_free
FNDA:0,_mm_free
DA:38,4
DA:41,4
BRDA:41,0,0,0
BRDA:41,0,1,4
DA:42,0
DA:43,4
BRDA:43,0,0,4
BRDA:43,0,1,0
BRDA:43,0,2,0
BRDA:43,0,3,4
DA:44,0
DA:45,4
BRDA:45,0,0,4
BRDA:45,0,1,0
DA:46,4
DA:48,0
DA:52,0
DA:54,0
DA:55,0
end_of_record
SF:/usr/lib/gcc/x86_64-linux-gnu/11/include/emmintrin.h
DA:592,136
DA:703,0
DA:739,0
DA:740,0
DA:1024,0
DA:1048,0
DA:1072,0
DA:1192,0
DA:1257,0
DA:1329,0
end_of_record
